Started GET "/" for ::1 at 2020-04-17 22:25:58 +0530
Processing by Rails::WelcomeController#index as HTML
  Rendering /Users/suhaib.ahmed/.rvm/gems/ruby-2.3.5/gems/railties-5.1.7/lib/rails/templates/rails/welcome/index.html.erb
  Rendered /Users/suhaib.ahmed/.rvm/gems/ruby-2.3.5/gems/railties-5.1.7/lib/rails/templates/rails/welcome/index.html.erb (6.6ms)
Completed 200 OK in 512ms (Views: 22.6ms)


Started GET "/" for ::1 at 2020-04-18 11:33:43 +0530
Processing by PostsController#index as HTML
  Rendering posts/index.html.erb within layouts/application
  Rendered posts/index.html.erb within layouts/application (1.6ms)
Completed 200 OK in 1870ms (Views: 1621.5ms)


Started GET "/about" for ::1 at 2020-04-18 11:35:20 +0530
  
SyntaxError (/Users/suhaib.ahmed/Desktop/learning/simpleblog/config/routes.rb:4: syntax error, unexpected '>'
  get 'about' +> 'pages#about'
                ^):
  
config/routes.rb:4: syntax error, unexpected '>'
Started GET "/about" for ::1 at 2020-04-18 11:35:37 +0530
Processing by PagesController#about as HTML
  Rendering pages/about.html.erb within layouts/application
  Rendered pages/about.html.erb within layouts/application (0.4ms)
Completed 200 OK in 69ms (Views: 65.1ms)


Started GET "/about" for ::1 at 2020-04-18 11:35:48 +0530
Processing by PagesController#about as HTML
  Rendering pages/about.html.erb within layouts/application
  Rendered pages/about.html.erb within layouts/application (0.4ms)
Completed 200 OK in 35ms (Views: 31.9ms)


Started GET "/about" for ::1 at 2020-04-18 11:35:49 +0530
Processing by PagesController#about as HTML
  Rendering pages/about.html.erb within layouts/application
  Rendered pages/about.html.erb within layouts/application (0.3ms)
Completed 200 OK in 30ms (Views: 27.5ms)


Started GET "/about" for ::1 at 2020-04-18 11:37:12 +0530
Processing by PagesController#about as HTML
  Rendering pages/about.html.erb within layouts/application
  Rendered pages/about.html.erb within layouts/application (0.4ms)
Completed 200 OK in 29ms (Views: 23.8ms)


Started GET "/about" for ::1 at 2020-04-18 11:37:48 +0530
Processing by PagesController#about as HTML
  Rendering pages/about.html.erb within layouts/application
  Rendered pages/about.html.erb within layouts/application (0.5ms)
Completed 200 OK in 48ms (Views: 39.4ms)


Started GET "/posts/new" for ::1 at 2020-04-18 11:44:01 +0530
Processing by PostsController#new as HTML
  Rendering posts/new.html.erb within layouts/application
  Rendered posts/new.html.erb within layouts/application (0.5ms)
Completed 200 OK in 42ms (Views: 38.9ms)


Started GET "/posts/new" for ::1 at 2020-04-18 11:51:00 +0530
Processing by PostsController#new as HTML
  Rendering posts/new.html.erb within layouts/application
  Rendered posts/new.html.erb within layouts/application (21.0ms)
Completed 200 OK in 47ms (Views: 44.0ms)


Started POST "/posts" for ::1 at 2020-04-18 11:51:04 +0530
Processing by PostsController#create as HTML
  Parameters: {"utf8"=>"✓", "authenticity_token"=>"c6VTh6LL1OnSdoZE8RZeeAend3bEPmwE36JKcUWqJdjM+8Dv2mQJdDQb2IvhZrLZJy/MRuMVKIuihuy4RgKufw==", "post"=>{"title"=>"asdasd", "body"=>"asdasd"}, "commit"=>"Save Post"}
  Rendering text template
  Rendered text template (0.1ms)
Completed 200 OK in 3ms (Views: 1.8ms)


Started GET "/posts" for ::1 at 2020-04-18 11:51:58 +0530
Processing by PostsController#index as HTML
  Rendering posts/index.html.erb within layouts/application
  Rendered posts/index.html.erb within layouts/application (0.7ms)
Completed 200 OK in 30ms (Views: 26.3ms)


Started GET "/posts/add" for ::1 at 2020-04-18 11:52:02 +0530
  
AbstractController::ActionNotFound (The action 'show' could not be found for PostsController):
  
actionpack (5.1.7) lib/abstract_controller/base.rb:119:in `process'
actionview (5.1.7) lib/action_view/rendering.rb:30:in `process'
actionpack (5.1.7) lib/action_controller/metal.rb:189:in `dispatch'
actionpack (5.1.7) lib/action_controller/metal.rb:253:in `dispatch'
actionpack (5.1.7) lib/action_dispatch/routing/route_set.rb:49:in `dispatch'
actionpack (5.1.7) lib/action_dispatch/routing/route_set.rb:31:in `serve'
actionpack (5.1.7) lib/action_dispatch/journey/router.rb:50:in `block in serve'
actionpack (5.1.7) lib/action_dispatch/journey/router.rb:33:in `each'
actionpack (5.1.7) lib/action_dispatch/journey/router.rb:33:in `serve'
actionpack (5.1.7) lib/action_dispatch/routing/route_set.rb:844:in `call'
rack (2.2.2) lib/rack/etag.rb:27:in `call'
rack (2.2.2) lib/rack/conditional_get.rb:27:in `call'
rack (2.2.2) lib/rack/head.rb:12:in `call'
rack (2.2.2) lib/rack/session/abstract/id.rb:266:in `context'
rack (2.2.2) lib/rack/session/abstract/id.rb:260:in `call'
actionpack (5.1.7) lib/action_dispatch/middleware/cookies.rb:613:in `call'
activerecord (5.1.7) lib/active_record/migration.rb:556:in `call'
actionpack (5.1.7) lib/action_dispatch/middleware/callbacks.rb:26:in `block in call'
activesupport (5.1.7) lib/active_support/callbacks.rb:97:in `run_callbacks'
actionpack (5.1.7) lib/action_dispatch/middleware/callbacks.rb:24:in `call'
actionpack (5.1.7) lib/action_dispatch/middleware/executor.rb:12:in `call'
actionpack (5.1.7) lib/action_dispatch/middleware/debug_exceptions.rb:59:in `call'
web-console (3.7.0) lib/web_console/middleware.rb:135:in `call_app'
web-console (3.7.0) lib/web_console/middleware.rb:30:in `block in call'
web-console (3.7.0) lib/web_console/middleware.rb:20:in `catch'
web-console (3.7.0) lib/web_console/middleware.rb:20:in `call'
actionpack (5.1.7) lib/action_dispatch/middleware/show_exceptions.rb:31:in `call'
railties (5.1.7) lib/rails/rack/logger.rb:36:in `call_app'
railties (5.1.7) lib/rails/rack/logger.rb:24:in `block in call'
activesupport (5.1.7) lib/active_support/tagged_logging.rb:69:in `block in tagged'
activesupport (5.1.7) lib/active_support/tagged_logging.rb:26:in `tagged'
activesupport (5.1.7) lib/active_support/tagged_logging.rb:69:in `tagged'
railties (5.1.7) lib/rails/rack/logger.rb:24:in `call'
sprockets-rails (3.2.1) lib/sprockets/rails/quiet_assets.rb:13:in `call'
actionpack (5.1.7) lib/action_dispatch/middleware/remote_ip.rb:79:in `call'
actionpack (5.1.7) lib/action_dispatch/middleware/request_id.rb:25:in `call'
rack (2.2.2) lib/rack/method_override.rb:24:in `call'
rack (2.2.2) lib/rack/runtime.rb:22:in `call'
activesupport (5.1.7) lib/active_support/cache/strategy/local_cache_middleware.rb:27:in `call'
actionpack (5.1.7) lib/action_dispatch/middleware/executor.rb:12:in `call'
actionpack (5.1.7) lib/action_dispatch/middleware/static.rb:125:in `call'
rack (2.2.2) lib/rack/sendfile.rb:110:in `call'
railties (5.1.7) lib/rails/engine.rb:522:in `call'
puma (3.12.4) lib/puma/configuration.rb:227:in `call'
puma (3.12.4) lib/puma/server.rb:675:in `handle_request'
puma (3.12.4) lib/puma/server.rb:476:in `process_client'
puma (3.12.4) lib/puma/server.rb:334:in `block in run'
puma (3.12.4) lib/puma/thread_pool.rb:135:in `block in spawn_thread'
Started GET "/posts/new" for ::1 at 2020-04-18 11:52:40 +0530
Processing by PostsController#new as HTML
  Rendering posts/new.html.erb within layouts/application
  Rendered posts/new.html.erb within layouts/application (2.1ms)
Completed 200 OK in 34ms (Views: 28.9ms)


Started GET "/posts/new" for ::1 at 2020-04-18 11:52:56 +0530
Processing by PostsController#new as HTML
  Rendering posts/new.html.erb within layouts/application
  Rendered posts/new.html.erb within layouts/application (1.5ms)
Completed 200 OK in 31ms (Views: 27.5ms)


Started POST "/posts" for ::1 at 2020-04-18 11:53:01 +0530
Processing by PostsController#create as HTML
  Parameters: {"utf8"=>"✓", "authenticity_token"=>"ejwqufAhbWKKkDOWvXqDCmcLfq+1Uv8DZTJH6XNjaX3FYrnRiI6w/2z9bVmtCm+rR4PFn5J5u4wYFuEgcMvi2g==", "post"=>{"title"=>"asdf ", "body"=>"sadfsdf "}, "commit"=>"Save Post"}
  Rendering text template
  Rendered text template (0.0ms)
Completed 200 OK in 2ms (Views: 0.6ms)


Started GET "/posts/new" for ::1 at 2020-04-18 11:57:09 +0530
Processing by PostsController#new as HTML
  Rendering posts/new.html.erb within layouts/application
  Rendered posts/new.html.erb within layouts/application (1.5ms)
Completed 200 OK in 26ms (Views: 23.4ms)


Started POST "/posts" for ::1 at 2020-04-18 11:57:14 +0530
Processing by PostsController#create as HTML
  Parameters: {"utf8"=>"✓", "authenticity_token"=>"O7G02A5I7iq63Kdn2+QoWWjM1xUxjRyFRX9mufhbRH6E7yewduczt1yx+ajLlMT4SERsJRamWAo4W8Bw+/PP2Q==", "post"=>{"title"=>"sdf sd", "body"=>"sdf sdf "}, "commit"=>"Save Post"}
  Rendering text template
  Rendered text template (0.1ms)
Completed 200 OK in 2ms (Views: 0.6ms)


  [1m[35m (0.2ms)[0m  [1m[34mSELECT sqlite_version(*)[0m
  [1m[35m (1.5ms)[0m  [1m[35mCREATE TABLE "schema_migrations" ("version" varchar NOT NULL PRIMARY KEY)[0m
  [1m[35m (1.4ms)[0m  [1m[35mCREATE TABLE "ar_internal_metadata" ("key" varchar NOT NULL PRIMARY KEY, "value" varchar, "created_at" datetime NOT NULL, "updated_at" datetime NOT NULL)[0m
  [1m[35m (0.3ms)[0m  [1m[34mSELECT "schema_migrations"."version" FROM "schema_migrations" ORDER BY "schema_migrations"."version" ASC[0m
Migrating to CreatePosts (20200418062947)
  [1m[35m (0.1ms)[0m  [1m[36mbegin transaction[0m
  [1m[35m (0.9ms)[0m  [1m[35mCREATE TABLE "posts" ("id" INTEGER PRIMARY KEY AUTOINCREMENT NOT NULL, "title" varchar, "body" text, "created_at" datetime NOT NULL, "updated_at" datetime NOT NULL)[0m
  [1m[35mSQL (0.4ms)[0m  [1m[32mINSERT INTO "schema_migrations" ("version") VALUES (?)[0m  [["version", "20200418062947"]]
  [1m[35m (1.0ms)[0m  [1m[36mcommit transaction[0m
  [1m[36mActiveRecord::InternalMetadata Load (0.2ms)[0m  [1m[34mSELECT  "ar_internal_metadata".* FROM "ar_internal_metadata" WHERE "ar_internal_metadata"."key" = ? LIMIT ?[0m  [["key", "environment"], ["LIMIT", 1]]
  [1m[35m (0.1ms)[0m  [1m[36mbegin transaction[0m
  [1m[35mSQL (0.7ms)[0m  [1m[32mINSERT INTO "ar_internal_metadata" ("key", "value", "created_at", "updated_at") VALUES (?, ?, ?, ?)[0m  [["key", "environment"], ["value", "development"], ["created_at", "2020-04-18 06:30:30.586411"], ["updated_at", "2020-04-18 06:30:30.586411"]]
  [1m[35m (0.8ms)[0m  [1m[36mcommit transaction[0m
  [1m[35m (0.2ms)[0m  [1m[34mSELECT "schema_migrations"."version" FROM "schema_migrations" ORDER BY "schema_migrations"."version" ASC[0m
Started GET "/posts/new" for ::1 at 2020-04-18 12:01:29 +0530
  [1m[35m (0.2ms)[0m  [1m[34mSELECT "schema_migrations"."version" FROM "schema_migrations" ORDER BY "schema_migrations"."version" ASC[0m
Processing by PostsController#new as HTML
  Rendering posts/new.html.erb within layouts/application
  Rendered posts/new.html.erb within layouts/application (1.9ms)
Completed 200 OK in 39ms (Views: 36.7ms | ActiveRecord: 0.0ms)


Started POST "/posts" for ::1 at 2020-04-18 12:01:33 +0530
Processing by PostsController#create as HTML
  Parameters: {"utf8"=>"✓", "authenticity_token"=>"7NlGSRo5WN4HuWpa4QI1zM5IajVIpEGcVhU8tEVJv7FTh9UhYpaFQ+HUNJXxctlt7sDRBW+PBRMrMZp9RuE0Fg==", "post"=>{"title"=>"aa", "body"=>"aa"}, "commit"=>"Save Post"}
  Rendering text template
  Rendered text template (0.1ms)
Completed 500 Internal Server Error in 16ms (Views: 1.3ms | ActiveRecord: 0.6ms)


  
ActiveModel::ForbiddenAttributesError (ActiveModel::ForbiddenAttributesError):
  
app/controllers/posts_controller.rb:12:in `create'
Started GET "/posts/new" for ::1 at 2020-04-18 12:04:38 +0530
Processing by PostsController#new as HTML
  Rendering posts/new.html.erb within layouts/application
  Rendered posts/new.html.erb within layouts/application (4.6ms)
Completed 200 OK in 137ms (Views: 129.2ms)


Started POST "/posts" for ::1 at 2020-04-18 12:04:49 +0530
Processing by PostsController#create as HTML
  Parameters: {"utf8"=>"✓", "authenticity_token"=>"VSINduoe4gj7vq53ANz4c0bU7iTNWVjze3l2iixWA+XqfJ4ekrE/lR3T8LgQrBTSZlxVFOpyHHwGXdBDL/6IQg==", "post"=>{"title"=>"post one", "body"=>"nne"}, "commit"=>"Save Post"}
  [1m[35m (0.3ms)[0m  [1m[36mbegin transaction[0m
  [1m[35mSQL (3.2ms)[0m  [1m[32mINSERT INTO "posts" ("title", "body", "created_at", "updated_at") VALUES (?, ?, ?, ?)[0m  [["title", "post one"], ["body", "nne"], ["created_at", "2020-04-18 06:34:49.497570"], ["updated_at", "2020-04-18 06:34:49.497570"]]
  [1m[35m (3.1ms)[0m  [1m[36mcommit transaction[0m
Redirected to http://localhost:3000/posts/1
Completed 302 Found in 112ms (ActiveRecord: 10.5ms)


Started GET "/posts/1" for ::1 at 2020-04-18 12:04:49 +0530
Processing by PostsController#show as HTML
  Parameters: {"id"=>"1"}
  [1m[36mPost Load (11.1ms)[0m  [1m[34mSELECT  "posts".* FROM "posts" WHERE "posts"."id" = ? LIMIT ?[0m  [["id", 1], ["LIMIT", 1]]
  Rendering posts/show.html.erb within layouts/application
  Rendered posts/show.html.erb within layouts/application (1.7ms)
Completed 200 OK in 193ms (Views: 146.8ms | ActiveRecord: 11.1ms)


Started GET "/posts/" for ::1 at 2020-04-18 12:07:11 +0530
Processing by PostsController#index as HTML
  Rendering posts/index.html.erb within layouts/application
  Rendered posts/index.html.erb within layouts/application (0.7ms)
Completed 500 Internal Server Error in 14ms


  
SyntaxError (/Users/suhaib.ahmed/Desktop/learning/simpleblog/app/views/posts/index.html.erb:7: syntax error, unexpected keyword_ensure, expecting keyword_end
/Users/suhaib.ahmed/Desktop/learning/simpleblog/app/views/posts/index.html.erb:9: syntax error, unexpected end-of-input, expecting keyword_end):
  
app/views/posts/index.html.erb:7: syntax error, unexpected keyword_ensure, expecting keyword_end
app/views/posts/index.html.erb:9: syntax error, unexpected end-of-input, expecting keyword_end
Started GET "/posts/" for ::1 at 2020-04-18 12:07:21 +0530
Processing by PostsController#index as HTML
  Rendering posts/index.html.erb within layouts/application
  [1m[36mPost Load (0.4ms)[0m  [1m[34mSELECT "posts".* FROM "posts"[0m
  Rendered posts/index.html.erb within layouts/application (15.1ms)
Completed 200 OK in 69ms (Views: 65.2ms | ActiveRecord: 1.3ms)


Started GET "/posts/" for ::1 at 2020-04-18 12:10:16 +0530
Processing by PostsController#index as HTML
  Rendering posts/index.html.erb within layouts/application
  [1m[36mPost Load (0.2ms)[0m  [1m[34mSELECT "posts".* FROM "posts"[0m
  Rendered posts/index.html.erb within layouts/application (1.6ms)
Completed 200 OK in 36ms (Views: 32.7ms | ActiveRecord: 0.2ms)


Started GET "/posts/" for ::1 at 2020-04-18 12:17:38 +0530
Started GET "/posts/" for ::1 at 2020-04-18 12:17:40 +0530
Processing by PostsController#index as HTML
  Rendering posts/index.html.erb within layouts/application
  [1m[36mPost Load (69.0ms)[0m  [1m[34mSELECT "posts".* FROM "posts"[0m
  Rendered posts/index.html.erb within layouts/application (1833.9ms)
Completed 200 OK in 4736ms (Views: 4385.9ms | ActiveRecord: 141.4ms)


Processing by PostsController#index as HTML
  Rendering posts/index.html.erb within layouts/application
  [1m[36mPost Load (15.9ms)[0m  [1m[34mSELECT "posts".* FROM "posts"[0m
  Rendered posts/index.html.erb within layouts/application (1283.0ms)
Completed 200 OK in 4435ms (Views: 3607.9ms | ActiveRecord: 127.9ms)


Started GET "/posts/" for ::1 at 2020-04-18 12:18:57 +0530
Processing by PostsController#index as HTML
  Rendering posts/index.html.erb within layouts/application
  [1m[36mPost Load (0.3ms)[0m  [1m[34mSELECT "posts".* FROM "posts"[0m
  Rendered posts/index.html.erb within layouts/application (2.2ms)
Completed 200 OK in 77ms (Views: 72.4ms | ActiveRecord: 0.3ms)


Started GET "/" for ::1 at 2020-04-18 12:19:00 +0530
Processing by PostsController#index as HTML
  Rendering posts/index.html.erb within layouts/application
  [1m[36mPost Load (0.2ms)[0m  [1m[34mSELECT "posts".* FROM "posts"[0m
  Rendered posts/index.html.erb within layouts/application (1.8ms)
Completed 200 OK in 43ms (Views: 38.2ms | ActiveRecord: 0.2ms)


Started GET "/posts/new" for ::1 at 2020-04-18 12:19:01 +0530
Processing by PostsController#new as HTML
  Rendering posts/new.html.erb within layouts/application
  Rendered posts/new.html.erb within layouts/application (7.0ms)
Completed 200 OK in 148ms (Views: 138.6ms | ActiveRecord: 0.0ms)


Started GET "/posts/new" for ::1 at 2020-04-18 12:20:31 +0530
Processing by PostsController#new as HTML
  Rendering posts/new.html.erb within layouts/application
  Rendered posts/new.html.erb within layouts/application (1.8ms)
Completed 200 OK in 47ms (Views: 33.2ms | ActiveRecord: 0.0ms)


Started GET "/posts/new" for ::1 at 2020-04-18 12:21:07 +0530
Processing by PostsController#new as HTML
  Rendering posts/new.html.erb within layouts/application
  Rendered posts/new.html.erb within layouts/application (3.6ms)
Completed 200 OK in 59ms (Views: 51.2ms | ActiveRecord: 0.0ms)


Started POST "/posts" for ::1 at 2020-04-18 12:21:18 +0530
Processing by PostsController#create as HTML
  Parameters: {"utf8"=>"✓", "authenticity_token"=>"W+cdD+mfHC2gQOnvOQaaLNDTEXGuNLeiPwwhjlEIUPzkuY5nkTDBsEYttyApdnaN8FuqQYkf8y1CKIdHUqDbWw==", "post"=>{"title"=>"Post 2", "body"=>"What's up ?"}, "commit"=>"Save Post"}
  [1m[35m (0.2ms)[0m  [1m[36mbegin transaction[0m
  [1m[35mSQL (1.9ms)[0m  [1m[32mINSERT INTO "posts" ("title", "body", "created_at", "updated_at") VALUES (?, ?, ?, ?)[0m  [["title", "Post 2"], ["body", "What's up ?"], ["created_at", "2020-04-18 06:51:18.290688"], ["updated_at", "2020-04-18 06:51:18.290688"]]
  [1m[35m (2.4ms)[0m  [1m[36mcommit transaction[0m
Redirected to http://localhost:3000/posts/2
Completed 302 Found in 12ms (ActiveRecord: 4.4ms)


Started GET "/posts/2" for ::1 at 2020-04-18 12:21:18 +0530
Processing by PostsController#show as HTML
  Parameters: {"id"=>"2"}
  [1m[36mPost Load (0.3ms)[0m  [1m[34mSELECT  "posts".* FROM "posts" WHERE "posts"."id" = ? LIMIT ?[0m  [["id", 2], ["LIMIT", 1]]
  Rendering posts/show.html.erb within layouts/application
  Rendered posts/show.html.erb within layouts/application (0.7ms)
Completed 200 OK in 48ms (Views: 40.7ms | ActiveRecord: 0.3ms)


Started GET "/" for ::1 at 2020-04-18 12:21:20 +0530
Processing by PostsController#index as HTML
  Rendering posts/index.html.erb within layouts/application
  [1m[36mPost Load (0.3ms)[0m  [1m[34mSELECT "posts".* FROM "posts"[0m
  Rendered posts/index.html.erb within layouts/application (2.5ms)
Completed 200 OK in 110ms (Views: 100.3ms | ActiveRecord: 0.3ms)


Started GET "/" for ::1 at 2020-04-18 12:22:52 +0530
Processing by PostsController#index as HTML
  Rendering posts/index.html.erb within layouts/application
  [1m[36mPost Load (1.9ms)[0m  [1m[34mSELECT "posts".* FROM "posts"[0m
  Rendered posts/index.html.erb within layouts/application (112.6ms)
Completed 200 OK in 945ms (Views: 861.2ms | ActiveRecord: 1.9ms)


Started GET "/posts/new" for ::1 at 2020-04-18 12:22:57 +0530
Processing by PostsController#new as HTML
  Rendering posts/new.html.erb within layouts/application
  Rendered posts/new.html.erb within layouts/application (6.4ms)
Completed 500 Internal Server Error in 1271ms (ActiveRecord: 0.0ms)


  
SyntaxError (/Users/suhaib.ahmed/Desktop/learning/simpleblog/app/views/posts/new.html.erb:9: syntax error, unexpected '{', expecting ')'
...er.append=( f.text_area (:body{:class => 'form-control'}) );...
...                               ^
/Users/suhaib.ahmed/Desktop/learning/simpleblog/app/views/posts/new.html.erb:9: syntax error, unexpected '}', expecting ')'
...:body{:class => 'form-control'}) );@output_buffer.safe_appen...
...                               ^
/Users/suhaib.ahmed/Desktop/learning/simpleblog/app/views/posts/new.html.erb:14: syntax error, unexpected keyword_end, expecting ')'
'.freeze; end ;
             ^
/Users/suhaib.ahmed/Desktop/learning/simpleblog/app/views/posts/new.html.erb:16: syntax error, unexpected keyword_ensure, expecting ')'
/Users/suhaib.ahmed/Desktop/learning/simpleblog/app/views/posts/new.html.erb:18: syntax error, unexpected keyword_end, expecting ')'):
  
app/views/posts/new.html.erb:9: syntax error, unexpected '{', expecting ')'
app/views/posts/new.html.erb:9: syntax error, unexpected '}', expecting ')'
app/views/posts/new.html.erb:14: syntax error, unexpected keyword_end, expecting ')'
app/views/posts/new.html.erb:16: syntax error, unexpected keyword_ensure, expecting ')'
app/views/posts/new.html.erb:18: syntax error, unexpected keyword_end, expecting ')'
Started GET "/posts/new" for ::1 at 2020-04-18 12:25:06 +0530
Processing by PostsController#new as HTML
  Rendering posts/new.html.erb within layouts/application
  Rendered posts/new.html.erb within layouts/application (1.3ms)
Completed 500 Internal Server Error in 24ms (ActiveRecord: 0.0ms)


  
SyntaxError (/Users/suhaib.ahmed/Desktop/learning/simpleblog/app/views/posts/new.html.erb:9: syntax error, unexpected ',', expecting ')'
...er.append=( f.text_area (:body,{:class => 'form-control'}) )...
...                               ^
/Users/suhaib.ahmed/Desktop/learning/simpleblog/app/views/posts/new.html.erb:9: syntax error, unexpected '}', expecting ')'
...body,{:class => 'form-control'}) );@output_buffer.safe_appen...
...                               ^
/Users/suhaib.ahmed/Desktop/learning/simpleblog/app/views/posts/new.html.erb:14: syntax error, unexpected keyword_end, expecting ')'
'.freeze; end ;
             ^
/Users/suhaib.ahmed/Desktop/learning/simpleblog/app/views/posts/new.html.erb:16: syntax error, unexpected keyword_ensure, expecting ')'
/Users/suhaib.ahmed/Desktop/learning/simpleblog/app/views/posts/new.html.erb:18: syntax error, unexpected keyword_end, expecting ')'):
  
app/views/posts/new.html.erb:9: syntax error, unexpected ',', expecting ')'
app/views/posts/new.html.erb:9: syntax error, unexpected '}', expecting ')'
app/views/posts/new.html.erb:14: syntax error, unexpected keyword_end, expecting ')'
app/views/posts/new.html.erb:16: syntax error, unexpected keyword_ensure, expecting ')'
app/views/posts/new.html.erb:18: syntax error, unexpected keyword_end, expecting ')'
Started GET "/posts/new" for ::1 at 2020-04-18 12:26:05 +0530
Processing by PostsController#new as HTML
  Rendering posts/new.html.erb within layouts/application
  Rendered posts/new.html.erb within layouts/application (1.8ms)
Completed 200 OK in 57ms (Views: 51.5ms | ActiveRecord: 0.0ms)


Started GET "/posts/new" for ::1 at 2020-04-18 12:28:16 +0530
Started GET "/posts/new" for ::1 at 2020-04-18 12:28:17 +0530
Processing by PostsController#new as HTML
  Rendering posts/new.html.erb within layouts/application
  Rendered posts/new.html.erb within layouts/application (219.0ms)
Completed 200 OK in 3686ms (Views: 3108.9ms)


Processing by PostsController#new as HTML
Started POST "/posts" for ::1 at 2020-04-18 12:28:25 +0530
Processing by PostsController#create as HTML
  Parameters: {"utf8"=>"✓", "authenticity_token"=>"WWO5HuRet5gIjLeHaWj35P+kErDG1B/a8tK8WMbVrl/mPSp2nPFqBe7h6Uh5GBtF3yypgOH/W1WP9hqRxX0l+A==", "post"=>{"title"=>"", "body"=>""}, "commit"=>"Save Post"}
  Rendering posts/new.html.erb within layouts/application
  Rendered posts/new.html.erb within layouts/application (517.3ms)
Completed 200 OK in 10057ms (Views: 9075.2ms)


  [1m[35m (0.2ms)[0m  [1m[36mbegin transaction[0m
  [1m[35m (0.4ms)[0m  [1m[31mrollback transaction[0m
  Rendering posts/new.html.erb within layouts/application
  Rendered posts/new.html.erb within layouts/application (317.7ms)
Completed 200 OK in 31473ms (Views: 19674.3ms | ActiveRecord: 203.8ms)


Started POST "/posts" for ::1 at 2020-04-18 12:29:17 +0530
Processing by PostsController#create as HTML
  Parameters: {"utf8"=>"✓", "authenticity_token"=>"qB6+gRB3fbLtFTLOD0y98U3myGii3Vz4FHuQR2vYZ5YXQC3paNigLwt4bAEfPFFQbW5zWIX2GHdpXzaOaHDsMQ==", "post"=>{"title"=>"", "body"=>""}, "commit"=>"Save Post"}
  [1m[35m (0.2ms)[0m  [1m[36mbegin transaction[0m
  [1m[35m (0.2ms)[0m  [1m[31mrollback transaction[0m
  Rendering posts/new.html.erb within layouts/application
  Rendered posts/new.html.erb within layouts/application (15.2ms)
Completed 200 OK in 361ms (Views: 313.2ms | ActiveRecord: 0.5ms)


Started GET "/posts" for ::1 at 2020-04-18 12:39:55 +0530
Processing by PostsController#index as HTML
  Rendering posts/index.html.erb within layouts/application
  [1m[36mPost Load (0.2ms)[0m  [1m[34mSELECT "posts".* FROM "posts"[0m
  Rendered posts/index.html.erb within layouts/application (2.8ms)
Completed 200 OK in 45ms (Views: 34.7ms | ActiveRecord: 0.2ms)


Started GET "/posts/new" for ::1 at 2020-04-18 12:40:00 +0530
Processing by PostsController#new as HTML
  Rendering posts/new.html.erb within layouts/application
  Rendered posts/new.html.erb within layouts/application (1.2ms)
Completed 500 Internal Server Error in 37ms (ActiveRecord: 0.0ms)


  
SyntaxError (/Users/suhaib.ahmed/Desktop/learning/simpleblog/app/views/posts/new.html.erb:21: syntax error, unexpected keyword_ensure, expecting end-of-input):
  
app/views/posts/new.html.erb:21: syntax error, unexpected keyword_ensure, expecting end-of-input
Started GET "/posts/new" for ::1 at 2020-04-18 12:40:47 +0530
Processing by PostsController#new as HTML
  Rendering posts/new.html.erb within layouts/application
  Rendered posts/new.html.erb within layouts/application (2.1ms)
Completed 500 Internal Server Error in 27ms (ActiveRecord: 0.0ms)


  
SyntaxError (/Users/suhaib.ahmed/Desktop/learning/simpleblog/app/views/posts/new.html.erb:21: syntax error, unexpected keyword_ensure, expecting end-of-input):
  
app/views/posts/new.html.erb:21: syntax error, unexpected keyword_ensure, expecting end-of-input
Started GET "/posts/new" for ::1 at 2020-04-18 12:41:13 +0530
Processing by PostsController#new as HTML
  Rendering posts/new.html.erb within layouts/application
  Rendered posts/new.html.erb within layouts/application (3.1ms)
Completed 200 OK in 74ms (Views: 63.2ms | ActiveRecord: 0.0ms)


Started GET "/posts/new" for ::1 at 2020-04-18 12:41:54 +0530
Processing by PostsController#new as HTML
  Rendering posts/new.html.erb within layouts/application
  Rendered posts/new.html.erb within layouts/application (2.1ms)
Completed 500 Internal Server Error in 33ms (ActiveRecord: 0.0ms)


  
SyntaxError (/Users/suhaib.ahmed/Desktop/learning/simpleblog/app/views/posts/new.html.erb:23: syntax error, unexpected keyword_ensure, expecting end-of-input):
  
app/views/posts/new.html.erb:23: syntax error, unexpected keyword_ensure, expecting end-of-input
Started GET "/posts/new" for ::1 at 2020-04-18 12:43:59 +0530
Processing by PostsController#new as HTML
  Rendering posts/new.html.erb within layouts/application
  Rendered posts/new.html.erb within layouts/application (0.8ms)
Completed 500 Internal Server Error in 22ms (ActiveRecord: 0.9ms)


  
SyntaxError (/Users/suhaib.ahmed/Desktop/learning/simpleblog/app/views/posts/new.html.erb:23: syntax error, unexpected keyword_ensure, expecting end-of-input):
  
app/views/posts/new.html.erb:23: syntax error, unexpected keyword_ensure, expecting end-of-input
Started GET "/posts/new" for ::1 at 2020-04-18 12:44:12 +0530
Processing by PostsController#new as HTML
  Rendering posts/new.html.erb within layouts/application
  Rendered posts/new.html.erb within layouts/application (3.5ms)
Completed 200 OK in 38ms (Views: 29.1ms | ActiveRecord: 0.0ms)


Started POST "/posts" for ::1 at 2020-04-18 12:44:16 +0530
Processing by PostsController#create as HTML
  Parameters: {"utf8"=>"✓", "authenticity_token"=>"BQPtlhz9XldOxHBfUPfCRadlAP+XJIhrX8de8IjHvuO6XX7+ZFKDyqipLpBAhy7kh+27z7APzOQi4/g5i281RA==", "post"=>{"title"=>"", "body"=>""}, "commit"=>"Save Post"}
  [1m[35m (0.1ms)[0m  [1m[36mbegin transaction[0m
  [1m[35m (0.1ms)[0m  [1m[31mrollback transaction[0m
  Rendering posts/new.html.erb within layouts/application
  Rendered posts/new.html.erb within layouts/application (5.4ms)
Completed 200 OK in 45ms (Views: 39.4ms | ActiveRecord: 0.2ms)


Started GET "/posts" for ::1 at 2020-04-18 12:44:25 +0530
Processing by PostsController#index as HTML
  Rendering posts/index.html.erb within layouts/application
  [1m[36mPost Load (3.6ms)[0m  [1m[34mSELECT "posts".* FROM "posts"[0m
  Rendered posts/index.html.erb within layouts/application (10.0ms)
Completed 200 OK in 134ms (Views: 103.1ms | ActiveRecord: 3.6ms)


Started GET "/posts/new" for ::1 at 2020-04-18 12:44:28 +0530
Processing by PostsController#new as HTML
  Rendering posts/new.html.erb within layouts/application
  Rendered posts/new.html.erb within layouts/application (6.4ms)
Completed 200 OK in 59ms (Views: 53.0ms | ActiveRecord: 0.0ms)


Started POST "/posts" for ::1 at 2020-04-18 12:44:29 +0530
Processing by PostsController#create as HTML
  Parameters: {"utf8"=>"✓", "authenticity_token"=>"gzGKfucoCkgu3AlYc2QUKCp4ckCSZ5bvUo2XV3I8tBHTVtTzNxJUruNRwhIdyrZIyc3D3pkyAN6xsR45mPuHEQ==", "post"=>{"title"=>"", "body"=>""}, "commit"=>"Save Post"}
  [1m[35m (0.1ms)[0m  [1m[36mbegin transaction[0m
  [1m[35m (0.1ms)[0m  [1m[31mrollback transaction[0m
  Rendering posts/new.html.erb within layouts/application
  Rendered posts/new.html.erb within layouts/application (2.3ms)
Completed 200 OK in 39ms (Views: 35.5ms | ActiveRecord: 0.1ms)


Started GET "/posts" for ::1 at 2020-04-18 12:55:50 +0530
Processing by PostsController#index as HTML
  Rendering posts/index.html.erb within layouts/application
  Rendered posts/index.html.erb within layouts/application (3.6ms)
Completed 500 Internal Server Error in 35ms (ActiveRecord: 0.0ms)


  
SyntaxError (/Users/suhaib.ahmed/Desktop/learning/simpleblog/app/views/posts/index.html.erb:6: syntax error, unexpected ','
... "Read More", post_path(post)>, class => 'btn btn-default' )...
...                               ^):
  
app/views/posts/index.html.erb:6: syntax error, unexpected ','
Started GET "/posts" for ::1 at 2020-04-18 12:56:08 +0530
Processing by PostsController#index as HTML
  Rendering posts/index.html.erb within layouts/application
  Rendered posts/index.html.erb within layouts/application (1.4ms)
Completed 500 Internal Server Error in 30ms (ActiveRecord: 0.0ms)


  
SyntaxError (/Users/suhaib.ahmed/Desktop/learning/simpleblog/app/views/posts/index.html.erb:6: syntax error, unexpected ','
... "Read More", post_path(post)>, :class => 'btn btn-default' ...
...                               ^):
  
app/views/posts/index.html.erb:6: syntax error, unexpected ','
Started GET "/posts" for ::1 at 2020-04-18 12:56:22 +0530
Processing by PostsController#index as HTML
  Rendering posts/index.html.erb within layouts/application
  [1m[36mPost Load (0.2ms)[0m  [1m[34mSELECT "posts".* FROM "posts"[0m
  Rendered posts/index.html.erb within layouts/application (2.1ms)
Completed 200 OK in 46ms (Views: 36.7ms | ActiveRecord: 0.2ms)


Started GET "/posts" for ::1 at 2020-04-18 12:56:44 +0530
Processing by PostsController#index as HTML
  Rendering posts/index.html.erb within layouts/application
  [1m[36mPost Load (0.4ms)[0m  [1m[34mSELECT "posts".* FROM "posts"[0m
  Rendered posts/index.html.erb within layouts/application (1.9ms)
Completed 200 OK in 69ms (Views: 53.1ms | ActiveRecord: 0.4ms)


Started GET "/posts/2" for ::1 at 2020-04-18 12:56:48 +0530
Processing by PostsController#show as HTML
  Parameters: {"id"=>"2"}
  [1m[36mPost Load (0.5ms)[0m  [1m[34mSELECT  "posts".* FROM "posts" WHERE "posts"."id" = ? LIMIT ?[0m  [["id", 2], ["LIMIT", 1]]
  Rendering posts/show.html.erb within layouts/application
  Rendered posts/show.html.erb within layouts/application (0.4ms)
Completed 200 OK in 36ms (Views: 30.4ms | ActiveRecord: 0.5ms)


Started GET "/posts/2" for ::1 at 2020-04-18 12:57:02 +0530
Processing by PostsController#show as HTML
  Parameters: {"id"=>"2"}
  [1m[36mPost Load (0.8ms)[0m  [1m[34mSELECT  "posts".* FROM "posts" WHERE "posts"."id" = ? LIMIT ?[0m  [["id", 2], ["LIMIT", 1]]
  Rendering posts/show.html.erb within layouts/application
  Rendered posts/show.html.erb within layouts/application (0.5ms)
Completed 200 OK in 35ms (Views: 24.2ms | ActiveRecord: 0.8ms)


Started GET "/" for ::1 at 2020-04-18 12:57:05 +0530
Processing by PostsController#index as HTML
  Rendering posts/index.html.erb within layouts/application
  [1m[36mPost Load (0.2ms)[0m  [1m[34mSELECT "posts".* FROM "posts"[0m
  Rendered posts/index.html.erb within layouts/application (1.5ms)
Completed 200 OK in 26ms (Views: 22.1ms | ActiveRecord: 0.2ms)


Started GET "/" for ::1 at 2020-04-18 12:58:08 +0530
Processing by PostsController#index as HTML
  Rendering posts/index.html.erb within layouts/application
  [1m[36mPost Load (0.4ms)[0m  [1m[34mSELECT "posts".* FROM "posts"[0m
  Rendered posts/index.html.erb within layouts/application (3.2ms)
Completed 200 OK in 48ms (Views: 34.3ms | ActiveRecord: 0.4ms)


Started GET "/" for ::1 at 2020-04-18 12:58:47 +0530
Processing by PostsController#index as HTML
  Rendering posts/index.html.erb within layouts/application
  [1m[36mPost Load (1.3ms)[0m  [1m[34mSELECT "posts".* FROM "posts"[0m
  Rendered posts/index.html.erb within layouts/application (4.4ms)
Completed 200 OK in 118ms (Views: 111.6ms | ActiveRecord: 1.3ms)


Started GET "/posts/1" for ::1 at 2020-04-18 12:59:16 +0530
Processing by PostsController#show as HTML
  Parameters: {"id"=>"1"}
  [1m[36mPost Load (0.2ms)[0m  [1m[34mSELECT  "posts".* FROM "posts" WHERE "posts"."id" = ? LIMIT ?[0m  [["id", 1], ["LIMIT", 1]]
  Rendering posts/show.html.erb within layouts/application
  Rendered posts/show.html.erb within layouts/application (1.1ms)
Completed 200 OK in 62ms (Views: 55.6ms | ActiveRecord: 0.2ms)


Started GET "/" for ::1 at 2020-04-18 12:59:19 +0530
Processing by PostsController#index as HTML
  Rendering posts/index.html.erb within layouts/application
  [1m[36mPost Load (0.3ms)[0m  [1m[34mSELECT "posts".* FROM "posts"[0m
  Rendered posts/index.html.erb within layouts/application (3.1ms)
Completed 200 OK in 84ms (Views: 75.6ms | ActiveRecord: 0.3ms)


Started GET "/posts/2" for ::1 at 2020-04-18 12:59:20 +0530
Processing by PostsController#show as HTML
  Parameters: {"id"=>"2"}
  [1m[36mPost Load (0.2ms)[0m  [1m[34mSELECT  "posts".* FROM "posts" WHERE "posts"."id" = ? LIMIT ?[0m  [["id", 2], ["LIMIT", 1]]
  Rendering posts/show.html.erb within layouts/application
  Rendered posts/show.html.erb within layouts/application (0.8ms)
Completed 200 OK in 55ms (Views: 46.3ms | ActiveRecord: 0.2ms)


Started GET "/" for ::1 at 2020-04-18 12:59:21 +0530
Processing by PostsController#index as HTML
  Rendering posts/index.html.erb within layouts/application
  [1m[36mPost Load (0.3ms)[0m  [1m[34mSELECT "posts".* FROM "posts"[0m
  Rendered posts/index.html.erb within layouts/application (3.7ms)
Completed 200 OK in 105ms (Views: 100.7ms | ActiveRecord: 0.3ms)


Started GET "/" for ::1 at 2020-04-18 13:00:15 +0530
Processing by PostsController#index as HTML
  Rendering posts/index.html.erb within layouts/application
  [1m[36mPost Load (0.2ms)[0m  [1m[34mSELECT "posts".* FROM "posts"[0m
  Rendered posts/index.html.erb within layouts/application (3.8ms)
Completed 200 OK in 185ms (Views: 171.5ms | ActiveRecord: 0.2ms)


Started GET "/posts/1" for ::1 at 2020-04-18 13:01:01 +0530
Processing by PostsController#show as HTML
  Parameters: {"id"=>"1"}
  [1m[36mPost Load (0.9ms)[0m  [1m[34mSELECT  "posts".* FROM "posts" WHERE "posts"."id" = ? LIMIT ?[0m  [["id", 1], ["LIMIT", 1]]
  Rendering posts/show.html.erb within layouts/application
  Rendered posts/show.html.erb within layouts/application (2.6ms)
Completed 200 OK in 157ms (Views: 123.8ms | ActiveRecord: 0.9ms)


Started GET "/posts/1" for ::1 at 2020-04-18 13:01:02 +0530
Processing by PostsController#show as HTML
  Parameters: {"id"=>"1"}
  [1m[36mPost Load (0.2ms)[0m  [1m[34mSELECT  "posts".* FROM "posts" WHERE "posts"."id" = ? LIMIT ?[0m  [["id", 1], ["LIMIT", 1]]
  Rendering posts/show.html.erb within layouts/application
  Rendered posts/show.html.erb within layouts/application (1.2ms)
Completed 200 OK in 63ms (Views: 58.3ms | ActiveRecord: 0.2ms)


Started GET "/posts/1/edit" for ::1 at 2020-04-18 13:01:03 +0530
  
AbstractController::ActionNotFound (The action 'edit' could not be found for PostsController):
  
actionpack (5.1.7) lib/abstract_controller/base.rb:119:in `process'
actionview (5.1.7) lib/action_view/rendering.rb:30:in `process'
actionpack (5.1.7) lib/action_controller/metal.rb:189:in `dispatch'
actionpack (5.1.7) lib/action_controller/metal.rb:253:in `dispatch'
actionpack (5.1.7) lib/action_dispatch/routing/route_set.rb:49:in `dispatch'
actionpack (5.1.7) lib/action_dispatch/routing/route_set.rb:31:in `serve'
actionpack (5.1.7) lib/action_dispatch/journey/router.rb:50:in `block in serve'
actionpack (5.1.7) lib/action_dispatch/journey/router.rb:33:in `each'
actionpack (5.1.7) lib/action_dispatch/journey/router.rb:33:in `serve'
actionpack (5.1.7) lib/action_dispatch/routing/route_set.rb:844:in `call'
rack (2.2.2) lib/rack/etag.rb:27:in `call'
rack (2.2.2) lib/rack/conditional_get.rb:27:in `call'
rack (2.2.2) lib/rack/head.rb:12:in `call'
rack (2.2.2) lib/rack/session/abstract/id.rb:266:in `context'
rack (2.2.2) lib/rack/session/abstract/id.rb:260:in `call'
actionpack (5.1.7) lib/action_dispatch/middleware/cookies.rb:613:in `call'
activerecord (5.1.7) lib/active_record/migration.rb:556:in `call'
actionpack (5.1.7) lib/action_dispatch/middleware/callbacks.rb:26:in `block in call'
activesupport (5.1.7) lib/active_support/callbacks.rb:97:in `run_callbacks'
actionpack (5.1.7) lib/action_dispatch/middleware/callbacks.rb:24:in `call'
actionpack (5.1.7) lib/action_dispatch/middleware/executor.rb:12:in `call'
actionpack (5.1.7) lib/action_dispatch/middleware/debug_exceptions.rb:59:in `call'
web-console (3.7.0) lib/web_console/middleware.rb:135:in `call_app'
web-console (3.7.0) lib/web_console/middleware.rb:30:in `block in call'
web-console (3.7.0) lib/web_console/middleware.rb:20:in `catch'
web-console (3.7.0) lib/web_console/middleware.rb:20:in `call'
actionpack (5.1.7) lib/action_dispatch/middleware/show_exceptions.rb:31:in `call'
railties (5.1.7) lib/rails/rack/logger.rb:36:in `call_app'
railties (5.1.7) lib/rails/rack/logger.rb:24:in `block in call'
activesupport (5.1.7) lib/active_support/tagged_logging.rb:69:in `block in tagged'
activesupport (5.1.7) lib/active_support/tagged_logging.rb:26:in `tagged'
activesupport (5.1.7) lib/active_support/tagged_logging.rb:69:in `tagged'
railties (5.1.7) lib/rails/rack/logger.rb:24:in `call'
sprockets-rails (3.2.1) lib/sprockets/rails/quiet_assets.rb:13:in `call'
actionpack (5.1.7) lib/action_dispatch/middleware/remote_ip.rb:79:in `call'
actionpack (5.1.7) lib/action_dispatch/middleware/request_id.rb:25:in `call'
rack (2.2.2) lib/rack/method_override.rb:24:in `call'
rack (2.2.2) lib/rack/runtime.rb:22:in `call'
activesupport (5.1.7) lib/active_support/cache/strategy/local_cache_middleware.rb:27:in `call'
actionpack (5.1.7) lib/action_dispatch/middleware/executor.rb:12:in `call'
actionpack (5.1.7) lib/action_dispatch/middleware/static.rb:125:in `call'
rack (2.2.2) lib/rack/sendfile.rb:110:in `call'
railties (5.1.7) lib/rails/engine.rb:522:in `call'
puma (3.12.4) lib/puma/configuration.rb:227:in `call'
puma (3.12.4) lib/puma/server.rb:675:in `handle_request'
puma (3.12.4) lib/puma/server.rb:476:in `process_client'
puma (3.12.4) lib/puma/server.rb:334:in `block in run'
puma (3.12.4) lib/puma/thread_pool.rb:135:in `block in spawn_thread'
Started GET "/posts/1" for ::1 at 2020-04-18 13:01:05 +0530
Processing by PostsController#show as HTML
  Parameters: {"id"=>"1"}
  [1m[36mPost Load (0.2ms)[0m  [1m[34mSELECT  "posts".* FROM "posts" WHERE "posts"."id" = ? LIMIT ?[0m  [["id", 1], ["LIMIT", 1]]
  Rendering posts/show.html.erb within layouts/application
  Rendered posts/show.html.erb within layouts/application (0.9ms)
Completed 200 OK in 65ms (Views: 59.1ms | ActiveRecord: 0.2ms)


Started GET "/posts/1" for ::1 at 2020-04-18 13:02:22 +0530
Processing by PostsController#show as HTML
  Parameters: {"id"=>"1"}
  [1m[36mPost Load (0.1ms)[0m  [1m[34mSELECT  "posts".* FROM "posts" WHERE "posts"."id" = ? LIMIT ?[0m  [["id", 1], ["LIMIT", 1]]
  Rendering posts/show.html.erb within layouts/application
  Rendered posts/show.html.erb within layouts/application (0.8ms)
Completed 200 OK in 51ms (Views: 34.3ms | ActiveRecord: 0.8ms)


Started GET "/posts/1/edit" for ::1 at 2020-04-18 13:02:24 +0530
Processing by PostsController#edit as HTML
  Parameters: {"id"=>"1"}
  [1m[36mPost Load (0.2ms)[0m  [1m[34mSELECT  "posts".* FROM "posts" WHERE "posts"."id" = ? LIMIT ?[0m  [["id", 1], ["LIMIT", 1]]
  Rendering posts/edit.html.erb within layouts/application
  Rendered posts/edit.html.erb within layouts/application (5.8ms)
Completed 200 OK in 87ms (Views: 78.0ms | ActiveRecord: 0.2ms)


Started PATCH "/posts/1" for ::1 at 2020-04-18 13:02:32 +0530
  
AbstractController::ActionNotFound (The action 'update' could not be found for PostsController):
  
actionpack (5.1.7) lib/abstract_controller/base.rb:119:in `process'
actionview (5.1.7) lib/action_view/rendering.rb:30:in `process'
actionpack (5.1.7) lib/action_controller/metal.rb:189:in `dispatch'
actionpack (5.1.7) lib/action_controller/metal.rb:253:in `dispatch'
actionpack (5.1.7) lib/action_dispatch/routing/route_set.rb:49:in `dispatch'
actionpack (5.1.7) lib/action_dispatch/routing/route_set.rb:31:in `serve'
actionpack (5.1.7) lib/action_dispatch/journey/router.rb:50:in `block in serve'
actionpack (5.1.7) lib/action_dispatch/journey/router.rb:33:in `each'
actionpack (5.1.7) lib/action_dispatch/journey/router.rb:33:in `serve'
actionpack (5.1.7) lib/action_dispatch/routing/route_set.rb:844:in `call'
rack (2.2.2) lib/rack/etag.rb:27:in `call'
rack (2.2.2) lib/rack/conditional_get.rb:40:in `call'
rack (2.2.2) lib/rack/head.rb:12:in `call'
rack (2.2.2) lib/rack/session/abstract/id.rb:266:in `context'
rack (2.2.2) lib/rack/session/abstract/id.rb:260:in `call'
actionpack (5.1.7) lib/action_dispatch/middleware/cookies.rb:613:in `call'
activerecord (5.1.7) lib/active_record/migration.rb:556:in `call'
actionpack (5.1.7) lib/action_dispatch/middleware/callbacks.rb:26:in `block in call'
activesupport (5.1.7) lib/active_support/callbacks.rb:97:in `run_callbacks'
actionpack (5.1.7) lib/action_dispatch/middleware/callbacks.rb:24:in `call'
actionpack (5.1.7) lib/action_dispatch/middleware/executor.rb:12:in `call'
actionpack (5.1.7) lib/action_dispatch/middleware/debug_exceptions.rb:59:in `call'
web-console (3.7.0) lib/web_console/middleware.rb:135:in `call_app'
web-console (3.7.0) lib/web_console/middleware.rb:30:in `block in call'
web-console (3.7.0) lib/web_console/middleware.rb:20:in `catch'
web-console (3.7.0) lib/web_console/middleware.rb:20:in `call'
actionpack (5.1.7) lib/action_dispatch/middleware/show_exceptions.rb:31:in `call'
railties (5.1.7) lib/rails/rack/logger.rb:36:in `call_app'
railties (5.1.7) lib/rails/rack/logger.rb:24:in `block in call'
activesupport (5.1.7) lib/active_support/tagged_logging.rb:69:in `block in tagged'
activesupport (5.1.7) lib/active_support/tagged_logging.rb:26:in `tagged'
activesupport (5.1.7) lib/active_support/tagged_logging.rb:69:in `tagged'
railties (5.1.7) lib/rails/rack/logger.rb:24:in `call'
sprockets-rails (3.2.1) lib/sprockets/rails/quiet_assets.rb:13:in `call'
actionpack (5.1.7) lib/action_dispatch/middleware/remote_ip.rb:79:in `call'
actionpack (5.1.7) lib/action_dispatch/middleware/request_id.rb:25:in `call'
rack (2.2.2) lib/rack/method_override.rb:24:in `call'
rack (2.2.2) lib/rack/runtime.rb:22:in `call'
activesupport (5.1.7) lib/active_support/cache/strategy/local_cache_middleware.rb:27:in `call'
actionpack (5.1.7) lib/action_dispatch/middleware/executor.rb:12:in `call'
actionpack (5.1.7) lib/action_dispatch/middleware/static.rb:125:in `call'
rack (2.2.2) lib/rack/sendfile.rb:110:in `call'
railties (5.1.7) lib/rails/engine.rb:522:in `call'
puma (3.12.4) lib/puma/configuration.rb:227:in `call'
puma (3.12.4) lib/puma/server.rb:675:in `handle_request'
puma (3.12.4) lib/puma/server.rb:476:in `process_client'
puma (3.12.4) lib/puma/server.rb:334:in `block in run'
puma (3.12.4) lib/puma/thread_pool.rb:135:in `block in spawn_thread'
Started PATCH "/posts/1" for ::1 at 2020-04-18 13:03:30 +0530
Processing by PostsController#update as HTML
  Parameters: {"utf8"=>"✓", "authenticity_token"=>"kA+fQNjxTj0IpW9hf6vFr3TPk6uIbSjKCqYHSn8P1Eel+EOHPKRu+VD1iOA2v2y9yBvEsIIePJbsZLwigl7Haw==", "post"=>{"title"=>"post one", "body"=>"adsasd nne"}, "commit"=>"Save Post", "id"=>"1"}
Completed 500 Internal Server Error in 601ms


  
NoMethodError (undefined method `update' for nil:NilClass):
  
app/controllers/posts_controller.rb:29:in `update'
Started PATCH "/posts/1" for ::1 at 2020-04-18 13:03:35 +0530
Processing by PostsController#update as HTML
  Parameters: {"utf8"=>"✓", "authenticity_token"=>"kA+fQNjxTj0IpW9hf6vFr3TPk6uIbSjKCqYHSn8P1Eel+EOHPKRu+VD1iOA2v2y9yBvEsIIePJbsZLwigl7Haw==", "post"=>{"title"=>"post one", "body"=>"adsasd nne"}, "commit"=>"Save Post", "id"=>"1"}
Completed 500 Internal Server Error in 53ms


  
NoMethodError (undefined method `update' for nil:NilClass):
  
app/controllers/posts_controller.rb:29:in `update'
Started GET "/posts/" for ::1 at 2020-04-18 13:04:08 +0530
Processing by PostsController#index as HTML
  Rendering posts/index.html.erb within layouts/application
  [1m[36mPost Load (0.3ms)[0m  [1m[34mSELECT "posts".* FROM "posts"[0m
  Rendered posts/index.html.erb within layouts/application (21.6ms)
Completed 200 OK in 115ms (Views: 81.1ms | ActiveRecord: 3.9ms)


Started GET "/posts/1" for ::1 at 2020-04-18 13:04:16 +0530
Processing by PostsController#show as HTML
  Parameters: {"id"=>"1"}
  [1m[36mPost Load (1.1ms)[0m  [1m[34mSELECT  "posts".* FROM "posts" WHERE "posts"."id" = ? LIMIT ?[0m  [["id", 1], ["LIMIT", 1]]
  Rendering posts/show.html.erb within layouts/application
  Rendered posts/show.html.erb within layouts/application (0.9ms)
Completed 200 OK in 67ms (Views: 50.0ms | ActiveRecord: 1.1ms)


Started GET "/posts/1/edit" for ::1 at 2020-04-18 13:04:17 +0530
Processing by PostsController#edit as HTML
  Parameters: {"id"=>"1"}
  [1m[36mPost Load (0.4ms)[0m  [1m[34mSELECT  "posts".* FROM "posts" WHERE "posts"."id" = ? LIMIT ?[0m  [["id", 1], ["LIMIT", 1]]
  Rendering posts/edit.html.erb within layouts/application
  Rendered posts/edit.html.erb within layouts/application (6.5ms)
Completed 200 OK in 80ms (Views: 58.9ms | ActiveRecord: 0.4ms)


Started PATCH "/posts/1" for ::1 at 2020-04-18 13:04:20 +0530
Processing by PostsController#update as HTML
  Parameters: {"utf8"=>"✓", "authenticity_token"=>"7rmS0miXBz23eOxyhWBb7hYoPKoxHJhbezFTxT0HA2PbTk4VjMIn+e8oC/PMdPL8qvxrsTtvjAed8+itwFYQTw==", "post"=>{"title"=>"post one", "body"=>"nne asdf sdf "}, "commit"=>"Save Post", "id"=>"1"}
Completed 500 Internal Server Error in 10ms (ActiveRecord: 0.0ms)


  
NoMethodError (undefined method `update' for nil:NilClass):
  
app/controllers/posts_controller.rb:29:in `update'
Started PATCH "/posts/1" for ::1 at 2020-04-18 13:04:46 +0530
Processing by PostsController#update as HTML
  Parameters: {"utf8"=>"✓", "authenticity_token"=>"7rmS0miXBz23eOxyhWBb7hYoPKoxHJhbezFTxT0HA2PbTk4VjMIn+e8oC/PMdPL8qvxrsTtvjAed8+itwFYQTw==", "post"=>{"title"=>"post one", "body"=>"nne asdf sdf "}, "commit"=>"Save Post", "id"=>"1"}
  [1m[36mPost Load (0.3ms)[0m  [1m[34mSELECT  "posts".* FROM "posts" WHERE "posts"."id" = ? LIMIT ?[0m  [["id", 1], ["LIMIT", 1]]
  [1m[35m (0.1ms)[0m  [1m[36mbegin transaction[0m
  [1m[35mSQL (0.8ms)[0m  [1m[33mUPDATE "posts" SET "body" = ?, "updated_at" = ? WHERE "posts"."id" = ?[0m  [["body", "nne asdf sdf "], ["updated_at", "2020-04-18 07:34:46.092263"], ["id", 1]]
  [1m[35m (1.7ms)[0m  [1m[36mcommit transaction[0m
Redirected to http://localhost:3000/posts/1
Completed 302 Found in 33ms (ActiveRecord: 4.7ms)


Started GET "/posts/1" for ::1 at 2020-04-18 13:04:46 +0530
Processing by PostsController#show as HTML
  Parameters: {"id"=>"1"}
  [1m[36mPost Load (0.2ms)[0m  [1m[34mSELECT  "posts".* FROM "posts" WHERE "posts"."id" = ? LIMIT ?[0m  [["id", 1], ["LIMIT", 1]]
  Rendering posts/show.html.erb within layouts/application
  Rendered posts/show.html.erb within layouts/application (1.1ms)
Completed 200 OK in 45ms (Views: 38.9ms | ActiveRecord: 0.2ms)


Started GET "/posts/1/edit" for ::1 at 2020-04-18 13:04:48 +0530
Processing by PostsController#edit as HTML
  Parameters: {"id"=>"1"}
  [1m[36mPost Load (0.2ms)[0m  [1m[34mSELECT  "posts".* FROM "posts" WHERE "posts"."id" = ? LIMIT ?[0m  [["id", 1], ["LIMIT", 1]]
  Rendering posts/edit.html.erb within layouts/application
  Rendered posts/edit.html.erb within layouts/application (4.3ms)
Completed 200 OK in 133ms (Views: 123.4ms | ActiveRecord: 0.2ms)


Started PATCH "/posts/1" for ::1 at 2020-04-18 13:04:51 +0530
Processing by PostsController#update as HTML
  Parameters: {"utf8"=>"✓", "authenticity_token"=>"yIt7DIPClr+0mirWTS85DD0EyqYhRwyZPYh0uY48f6n9fKfLZ5e2e+zKzVcEO5AegdCdvSs0GMXbSs/Rc21shQ==", "post"=>{"title"=>"post one", "body"=>"nne asdf sdf  sdfsd adfds "}, "commit"=>"Save Post", "id"=>"1"}
  [1m[36mPost Load (0.4ms)[0m  [1m[34mSELECT  "posts".* FROM "posts" WHERE "posts"."id" = ? LIMIT ?[0m  [["id", 1], ["LIMIT", 1]]
  [1m[35m (0.3ms)[0m  [1m[36mbegin transaction[0m
  [1m[35mSQL (2.2ms)[0m  [1m[33mUPDATE "posts" SET "body" = ?, "updated_at" = ? WHERE "posts"."id" = ?[0m  [["body", "nne asdf sdf  sdfsd adfds "], ["updated_at", "2020-04-18 07:34:51.025235"], ["id", 1]]
  [1m[35m (2.3ms)[0m  [1m[36mcommit transaction[0m
Redirected to http://localhost:3000/posts/1
Completed 302 Found in 18ms (ActiveRecord: 5.2ms)


Started GET "/posts/1" for ::1 at 2020-04-18 13:04:51 +0530
Processing by PostsController#show as HTML
  Parameters: {"id"=>"1"}
  [1m[36mPost Load (0.5ms)[0m  [1m[34mSELECT  "posts".* FROM "posts" WHERE "posts"."id" = ? LIMIT ?[0m  [["id", 1], ["LIMIT", 1]]
  Rendering posts/show.html.erb within layouts/application
  Rendered posts/show.html.erb within layouts/application (3.0ms)
Completed 200 OK in 140ms (Views: 124.2ms | ActiveRecord: 0.5ms)


Started GET "/posts/1/edit" for ::1 at 2020-04-18 14:31:16 +0530
  
SyntaxError (/Users/suhaib.ahmed/Desktop/learning/simpleblog/app/controllers/posts_controller.rb:37: syntax error, unexpected ':', expecting ';' or '\n'
/Users/suhaib.ahmed/Desktop/learning/simpleblog/app/controllers/posts_controller.rb:46: syntax error, unexpected keyword_end, expecting end-of-input):
  
app/controllers/posts_controller.rb:37: syntax error, unexpected ':', expecting ';' or '\n'
app/controllers/posts_controller.rb:46: syntax error, unexpected keyword_end, expecting end-of-input
Started GET "/" for ::1 at 2020-04-18 18:57:43 +0530
  
SyntaxError (/Users/suhaib.ahmed/Desktop/learning/simpleblog/app/controllers/posts_controller.rb:37: syntax error, unexpected ':', expecting ';' or '\n'
/Users/suhaib.ahmed/Desktop/learning/simpleblog/app/controllers/posts_controller.rb:46: syntax error, unexpected keyword_end, expecting end-of-input):
  
app/controllers/posts_controller.rb:37: syntax error, unexpected ':', expecting ';' or '\n'
app/controllers/posts_controller.rb:46: syntax error, unexpected keyword_end, expecting end-of-input
Started GET "/" for ::1 at 2020-04-18 18:58:22 +0530
Processing by PostsController#index as HTML
  Rendering posts/index.html.erb within layouts/application
  [1m[36mPost Load (0.6ms)[0m  [1m[34mSELECT "posts".* FROM "posts"[0m
  Rendered posts/index.html.erb within layouts/application (27.8ms)
Completed 200 OK in 86ms (Views: 77.1ms | ActiveRecord: 6.4ms)


Started GET "/posts/1" for ::1 at 2020-04-18 18:58:25 +0530
Processing by PostsController#show as HTML
  Parameters: {"id"=>"1"}
  [1m[36mPost Load (1.1ms)[0m  [1m[34mSELECT  "posts".* FROM "posts" WHERE "posts"."id" = ? LIMIT ?[0m  [["id", 1], ["LIMIT", 1]]
  Rendering posts/show.html.erb within layouts/application
  Rendered posts/show.html.erb within layouts/application (1.2ms)
Completed 500 Internal Server Error in 27ms (ActiveRecord: 1.1ms)


  
SyntaxError (/Users/suhaib.ahmed/Desktop/learning/simpleblog/app/views/posts/show.html.erb:5: syntax error, unexpected ':', expecting =>
...thod: :delete, data: {confirm : 'Are you sure ?'}, :class =>...
...                               ^
/Users/suhaib.ahmed/Desktop/learning/simpleblog/app/views/posts/show.html.erb:5: syntax error, unexpected '}', expecting ')'
...a: {confirm : 'Are you sure ?'}, :class => 'btn btn-danger' ...
...                               ^):
  
app/views/posts/show.html.erb:5: syntax error, unexpected ':', expecting =>
app/views/posts/show.html.erb:5: syntax error, unexpected '}', expecting ')'
Started GET "/posts/1" for ::1 at 2020-04-18 19:00:18 +0530
Processing by PostsController#show as HTML
  Parameters: {"id"=>"1"}
  [1m[36mPost Load (0.4ms)[0m  [1m[34mSELECT  "posts".* FROM "posts" WHERE "posts"."id" = ? LIMIT ?[0m  [["id", 1], ["LIMIT", 1]]
  Rendering posts/show.html.erb within layouts/application
  Rendered posts/show.html.erb within layouts/application (1.0ms)
Completed 200 OK in 54ms (Views: 44.9ms | ActiveRecord: 0.4ms)


Started DELETE "/posts/1" for ::1 at 2020-04-18 19:00:22 +0530
Processing by PostsController#destroy as HTML
  Parameters: {"authenticity_token"=>"C5ydwzwQaYHoLTKbvvkqGuKK1+AXvKBXtjxK/0MBULm0wg6rRL+0HA5AbFSuica7wgJs0DCX5NjLGOw2QKnbHg==", "id"=>"1"}
  [1m[36mPost Load (0.7ms)[0m  [1m[34mSELECT  "posts".* FROM "posts" WHERE "posts"."id" = ? LIMIT ?[0m  [["id", 1], ["LIMIT", 1]]
  [1m[35m (0.1ms)[0m  [1m[36mbegin transaction[0m
  [1m[35mSQL (2.1ms)[0m  [1m[31mDELETE FROM "posts" WHERE "posts"."id" = ?[0m  [["id", 1]]
  [1m[35m (1.0ms)[0m  [1m[36mcommit transaction[0m
Redirected to http://localhost:3000/posts
Completed 302 Found in 10ms (ActiveRecord: 3.9ms)


Started GET "/posts" for ::1 at 2020-04-18 19:00:22 +0530
Processing by PostsController#index as HTML
  Rendering posts/index.html.erb within layouts/application
  [1m[36mPost Load (0.2ms)[0m  [1m[34mSELECT "posts".* FROM "posts"[0m
  Rendered posts/index.html.erb within layouts/application (1.5ms)
Completed 200 OK in 36ms (Views: 32.4ms | ActiveRecord: 0.2ms)


Started GET "/posts/2" for ::1 at 2020-04-18 19:00:25 +0530
Processing by PostsController#show as HTML
  Parameters: {"id"=>"2"}
  [1m[36mPost Load (0.3ms)[0m  [1m[34mSELECT  "posts".* FROM "posts" WHERE "posts"."id" = ? LIMIT ?[0m  [["id", 2], ["LIMIT", 1]]
  Rendering posts/show.html.erb within layouts/application
  Rendered posts/show.html.erb within layouts/application (1.1ms)
Completed 200 OK in 45ms (Views: 37.4ms | ActiveRecord: 0.3ms)


Started DELETE "/posts/2" for ::1 at 2020-04-18 19:00:26 +0530
Processing by PostsController#destroy as HTML
  Parameters: {"authenticity_token"=>"H2c4kLPyMjgxrm0nROzMwDFEoBTuJsFPyXORJqXmlRCgOav4y13vpdfDM+hUnCBhEcwbJMkNhcC0Vzfvpk4etw==", "id"=>"2"}
  [1m[36mPost Load (0.2ms)[0m  [1m[34mSELECT  "posts".* FROM "posts" WHERE "posts"."id" = ? LIMIT ?[0m  [["id", 2], ["LIMIT", 1]]
  [1m[35m (0.1ms)[0m  [1m[36mbegin transaction[0m
  [1m[35mSQL (0.6ms)[0m  [1m[31mDELETE FROM "posts" WHERE "posts"."id" = ?[0m  [["id", 2]]
  [1m[35m (1.5ms)[0m  [1m[36mcommit transaction[0m
Redirected to http://localhost:3000/posts
Completed 302 Found in 6ms (ActiveRecord: 2.3ms)


Started GET "/posts" for ::1 at 2020-04-18 19:00:26 +0530
Processing by PostsController#index as HTML
  Rendering posts/index.html.erb within layouts/application
  [1m[36mPost Load (0.2ms)[0m  [1m[34mSELECT "posts".* FROM "posts"[0m
  Rendered posts/index.html.erb within layouts/application (1.2ms)
Completed 200 OK in 35ms (Views: 31.0ms | ActiveRecord: 0.2ms)


Started GET "/posts" for ::1 at 2020-04-18 19:00:28 +0530
Processing by PostsController#index as HTML
  Rendering posts/index.html.erb within layouts/application
  [1m[36mPost Load (0.3ms)[0m  [1m[34mSELECT "posts".* FROM "posts"[0m
  Rendered posts/index.html.erb within layouts/application (2.4ms)
Completed 200 OK in 66ms (Views: 59.9ms | ActiveRecord: 0.3ms)


Started GET "/posts" for ::1 at 2020-04-18 19:00:28 +0530
Processing by PostsController#index as HTML
  Rendering posts/index.html.erb within layouts/application
  [1m[36mPost Load (0.2ms)[0m  [1m[34mSELECT "posts".* FROM "posts"[0m
  Rendered posts/index.html.erb within layouts/application (1.3ms)
Completed 200 OK in 37ms (Views: 32.4ms | ActiveRecord: 0.2ms)


  [1m[35m (0.4ms)[0m  [1m[34mSELECT "schema_migrations"."version" FROM "schema_migrations" ORDER BY "schema_migrations"."version" ASC[0m
Migrating to CreateComments (20200418133148)
  [1m[35m (0.1ms)[0m  [1m[36mbegin transaction[0m
  [1m[35m (0.2ms)[0m  [1m[34mSELECT sqlite_version(*)[0m
  [1m[35m (1.5ms)[0m  [1m[35mCREATE TABLE "comments" ("id" INTEGER PRIMARY KEY AUTOINCREMENT NOT NULL, "username" varchar, "body" text, "post_id" integer, "created_at" datetime NOT NULL, "updated_at" datetime NOT NULL, CONSTRAINT "fk_rails_2fd19c0db7"
FOREIGN KEY ("post_id")
  REFERENCES "posts" ("id")
)[0m
  [1m[35m (0.3ms)[0m  [1m[35mCREATE  INDEX "index_comments_on_post_id" ON "comments" ("post_id")[0m
  [1m[35mSQL (0.8ms)[0m  [1m[32mINSERT INTO "schema_migrations" ("version") VALUES (?)[0m  [["version", "20200418133148"]]
  [1m[35m (4.7ms)[0m  [1m[36mcommit transaction[0m
  [1m[36mActiveRecord::InternalMetadata Load (0.3ms)[0m  [1m[34mSELECT  "ar_internal_metadata".* FROM "ar_internal_metadata" WHERE "ar_internal_metadata"."key" = ? LIMIT ?[0m  [["key", "environment"], ["LIMIT", 1]]
  [1m[35m (0.1ms)[0m  [1m[36mbegin transaction[0m
  [1m[35m (0.1ms)[0m  [1m[36mcommit transaction[0m
  [1m[35m (0.3ms)[0m  [1m[34mSELECT "schema_migrations"."version" FROM "schema_migrations" ORDER BY "schema_migrations"."version" ASC[0m
  [1m[35m (0.1ms)[0m  [1m[34m            SELECT sql
            FROM sqlite_master
            WHERE name='index_comments_on_post_id' AND type='index'
            UNION ALL
            SELECT sql
            FROM sqlite_temp_master
            WHERE name='index_comments_on_post_id' AND type='index'
[0m
Started GET "/posts" for ::1 at 2020-04-18 19:25:09 +0530
  [1m[35m (0.3ms)[0m  [1m[34mSELECT "schema_migrations"."version" FROM "schema_migrations" ORDER BY "schema_migrations"."version" ASC[0m
Processing by PostsController#index as HTML
  Rendering posts/index.html.erb within layouts/application
  [1m[36mPost Load (0.2ms)[0m  [1m[34mSELECT "posts".* FROM "posts"[0m
  Rendered posts/index.html.erb within layouts/application (2.2ms)
Completed 200 OK in 128ms (Views: 107.2ms | ActiveRecord: 0.5ms)


Started GET "/posts/new" for ::1 at 2020-04-18 19:25:11 +0530
Processing by PostsController#new as HTML
  Rendering posts/new.html.erb within layouts/application
  Rendered posts/new.html.erb within layouts/application (6.0ms)
Completed 200 OK in 141ms (Views: 120.9ms | ActiveRecord: 0.6ms)


Started POST "/posts" for ::1 at 2020-04-18 19:25:19 +0530
Processing by PostsController#create as HTML
  Parameters: {"utf8"=>"✓", "authenticity_token"=>"9QtiNRah4LCx6cEjHuQrbhQchBl97pQ0BLUufy5us3KlbDy4xpu+VnxkCmlwSokO96k1h3a7AgXniacRxKmAcg==", "post"=>{"title"=>"mr ppost", "body"=>"hello what is up\r\n"}, "commit"=>"Save Post"}
  [1m[35m (0.1ms)[0m  [1m[36mbegin transaction[0m
  [1m[35mSQL (0.5ms)[0m  [1m[32mINSERT INTO "posts" ("title", "body", "created_at", "updated_at") VALUES (?, ?, ?, ?)[0m  [["title", "mr ppost"], ["body", "hello what is up\r\n"], ["created_at", "2020-04-18 13:55:19.381551"], ["updated_at", "2020-04-18 13:55:19.381551"]]
  [1m[35m (1.8ms)[0m  [1m[36mcommit transaction[0m
Redirected to http://localhost:3000/posts/3
Completed 302 Found in 10ms (ActiveRecord: 2.3ms)


Started GET "/posts/3" for ::1 at 2020-04-18 19:25:19 +0530
Processing by PostsController#show as HTML
  Parameters: {"id"=>"3"}
  [1m[36mPost Load (0.3ms)[0m  [1m[34mSELECT  "posts".* FROM "posts" WHERE "posts"."id" = ? LIMIT ?[0m  [["id", 3], ["LIMIT", 1]]
  Rendering posts/show.html.erb within layouts/application
  Rendered posts/show.html.erb within layouts/application (77.5ms)
Completed 200 OK in 128ms (Views: 120.5ms | ActiveRecord: 1.3ms)


Started GET "/posts/3" for ::1 at 2020-04-18 19:29:26 +0530
Processing by PostsController#show as HTML
  Parameters: {"id"=>"3"}
  [1m[36mPost Load (0.2ms)[0m  [1m[34mSELECT  "posts".* FROM "posts" WHERE "posts"."id" = ? LIMIT ?[0m  [["id", 3], ["LIMIT", 1]]
  Rendering posts/show.html.erb within layouts/application
  Rendered posts/show.html.erb within layouts/application (6.2ms)
Completed 500 Internal Server Error in 36ms (ActiveRecord: 1.9ms)


  
ActionView::Template::Error (undefined method `comments' for nil:NilClass):
     5: <%= link_to "Delete", post_path(@post), method: :delete, data: {confirm: 'Are you sure ?'}, :class => 'btn btn-danger' %>
     6: <hr>
     7: <h3>Comments</h3>
     8: <% @posts.comments.each do |comment|%>
     9: 	<div class="card">
    10: 		<p><strong><%= comment.username %> : <%= comment.body %></strong></p>
    11: 	</div>
  
app/views/posts/show.html.erb:8:in `_app_views_posts_show_html_erb__1609108600573387788_70217575337000'
Started GET "/posts/3" for ::1 at 2020-04-18 19:29:46 +0530
Processing by PostsController#show as HTML
  Parameters: {"id"=>"3"}
  [1m[36mPost Load (0.1ms)[0m  [1m[34mSELECT  "posts".* FROM "posts" WHERE "posts"."id" = ? LIMIT ?[0m  [["id", 3], ["LIMIT", 1]]
  Rendering posts/show.html.erb within layouts/application
  [1m[36mComment Load (0.2ms)[0m  [1m[34mSELECT "comments".* FROM "comments" WHERE "comments"."post_id" = ?[0m  [["post_id", 3]]
  Rendered posts/show.html.erb within layouts/application (17.6ms)
Completed 200 OK in 51ms (Views: 46.3ms | ActiveRecord: 0.8ms)


Started POST "/posts/3/comments" for ::1 at 2020-04-18 19:29:58 +0530
  
SyntaxError (/Users/suhaib.ahmed/Desktop/learning/simpleblog/app/controllers/comments_controller.rb:11: syntax error, unexpected keyword_end, expecting end-of-input):
  
app/controllers/comments_controller.rb:11: syntax error, unexpected keyword_end, expecting end-of-input
Started POST "/posts/3/comments" for ::1 at 2020-04-18 19:31:01 +0530
  
SyntaxError (/Users/suhaib.ahmed/Desktop/learning/simpleblog/app/controllers/comments_controller.rb:12: syntax error, unexpected keyword_end, expecting end-of-input):
  
app/controllers/comments_controller.rb:12: syntax error, unexpected keyword_end, expecting end-of-input
Started POST "/posts/3/comments" for ::1 at 2020-04-18 19:31:28 +0530
  
SyntaxError (/Users/suhaib.ahmed/Desktop/learning/simpleblog/app/controllers/comments_controller.rb:11: syntax error, unexpected keyword_end, expecting end-of-input):
  
app/controllers/comments_controller.rb:11: syntax error, unexpected keyword_end, expecting end-of-input
Started POST "/posts/3/comments" for ::1 at 2020-04-18 19:32:31 +0530
  
SyntaxError (/Users/suhaib.ahmed/Desktop/learning/simpleblog/app/controllers/comments_controller.rb:11: syntax error, unexpected keyword_end, expecting end-of-input):
  
app/controllers/comments_controller.rb:11: syntax error, unexpected keyword_end, expecting end-of-input
Started GET "/" for ::1 at 2020-04-18 23:10:58 +0530
Processing by PostsController#index as HTML
  Rendering posts/index.html.erb within layouts/application
  [1m[36mPost Load (0.4ms)[0m  [1m[34mSELECT "posts".* FROM "posts"[0m
  Rendered posts/index.html.erb within layouts/application (29.5ms)
Completed 200 OK in 105ms (Views: 88.8ms | ActiveRecord: 2.2ms)


Started GET "/posts/3" for ::1 at 2020-04-18 23:11:00 +0530
Processing by PostsController#show as HTML
  Parameters: {"id"=>"3"}
  [1m[36mPost Load (0.2ms)[0m  [1m[34mSELECT  "posts".* FROM "posts" WHERE "posts"."id" = ? LIMIT ?[0m  [["id", 3], ["LIMIT", 1]]
  Rendering posts/show.html.erb within layouts/application
  [1m[36mComment Load (0.6ms)[0m  [1m[34mSELECT "comments".* FROM "comments" WHERE "comments"."post_id" = ?[0m  [["post_id", 3]]
  Rendered posts/show.html.erb within layouts/application (30.3ms)
Completed 200 OK in 84ms (Views: 71.1ms | ActiveRecord: 2.1ms)


Started DELETE "/posts/3" for ::1 at 2020-04-18 23:11:04 +0530
Processing by PostsController#destroy as HTML
  Parameters: {"authenticity_token"=>"+xsTQc6HVkhmCsuyDjJOOki8O8yiG3+fXG3yTPy5Sl5ERYAptiiL1YBnlX0eQqKbaDSA/IUwOxAhSVSF/xHB+Q==", "id"=>"3"}
  [1m[36mPost Load (0.3ms)[0m  [1m[34mSELECT  "posts".* FROM "posts" WHERE "posts"."id" = ? LIMIT ?[0m  [["id", 3], ["LIMIT", 1]]
  [1m[35m (0.1ms)[0m  [1m[36mbegin transaction[0m
  [1m[35mSQL (0.5ms)[0m  [1m[31mDELETE FROM "posts" WHERE "posts"."id" = ?[0m  [["id", 3]]
  [1m[35m (1.1ms)[0m  [1m[36mcommit transaction[0m
Redirected to http://localhost:3000/posts
Completed 302 Found in 6ms (ActiveRecord: 1.9ms)


Started GET "/posts" for ::1 at 2020-04-18 23:11:04 +0530
Processing by PostsController#index as HTML
  Rendering posts/index.html.erb within layouts/application
  [1m[36mPost Load (0.3ms)[0m  [1m[34mSELECT "posts".* FROM "posts"[0m
  Rendered posts/index.html.erb within layouts/application (1.7ms)
Completed 200 OK in 41ms (Views: 37.0ms | ActiveRecord: 0.3ms)


Started GET "/posts/new" for ::1 at 2020-04-18 23:11:08 +0530
Processing by PostsController#new as HTML
  Rendering posts/new.html.erb within layouts/application
  Rendered posts/new.html.erb within layouts/application (2.3ms)
Completed 200 OK in 43ms (Views: 38.7ms | ActiveRecord: 0.0ms)


Started POST "/posts" for ::1 at 2020-04-18 23:11:15 +0530
Processing by PostsController#create as HTML
  Parameters: {"utf8"=>"✓", "authenticity_token"=>"RTCGlEwlyYDCtHU1oiPgaaNBL3m6vPdpN+j8JaIA/wcVV9gZnB+XZg85vn/MjUIJQPSe57HpYVjU1HVLSMfMBw==", "post"=>{"title"=>"hello ", "body"=>"what is your name"}, "commit"=>"Save Post"}
  [1m[35m (0.1ms)[0m  [1m[36mbegin transaction[0m
  [1m[35mSQL (1.0ms)[0m  [1m[32mINSERT INTO "posts" ("title", "body", "created_at", "updated_at") VALUES (?, ?, ?, ?)[0m  [["title", "hello "], ["body", "what is your name"], ["created_at", "2020-04-18 17:41:15.414539"], ["updated_at", "2020-04-18 17:41:15.414539"]]
  [1m[35m (1.1ms)[0m  [1m[36mcommit transaction[0m
Redirected to http://localhost:3000/posts/4
Completed 302 Found in 8ms (ActiveRecord: 2.3ms)


Started GET "/posts/4" for ::1 at 2020-04-18 23:11:15 +0530
Processing by PostsController#show as HTML
  Parameters: {"id"=>"4"}
  [1m[36mPost Load (1.0ms)[0m  [1m[34mSELECT  "posts".* FROM "posts" WHERE "posts"."id" = ? LIMIT ?[0m  [["id", 4], ["LIMIT", 1]]
  Rendering posts/show.html.erb within layouts/application
  [1m[36mComment Load (0.2ms)[0m  [1m[34mSELECT "comments".* FROM "comments" WHERE "comments"."post_id" = ?[0m  [["post_id", 4]]
  Rendered posts/show.html.erb within layouts/application (7.1ms)
Completed 200 OK in 62ms (Views: 54.8ms | ActiveRecord: 1.2ms)


Started POST "/posts/4/comments" for ::1 at 2020-04-18 23:11:21 +0530
  
SyntaxError (/Users/suhaib.ahmed/Desktop/learning/simpleblog/app/controllers/comments_controller.rb:11: syntax error, unexpected keyword_end, expecting end-of-input):
  
app/controllers/comments_controller.rb:11: syntax error, unexpected keyword_end, expecting end-of-input
Started POST "/posts/4/comments" for ::1 at 2020-04-18 23:14:02 +0530
  
SyntaxError (/Users/suhaib.ahmed/Desktop/learning/simpleblog/app/controllers/comments_controller.rb:12: syntax error, unexpected keyword_end, expecting end-of-input):
  
app/controllers/comments_controller.rb:12: syntax error, unexpected keyword_end, expecting end-of-input
Started GET "/posts/4" for ::1 at 2020-04-18 23:17:05 +0530
Processing by PostsController#show as HTML
  Parameters: {"id"=>"4"}
  [1m[36mPost Load (0.5ms)[0m  [1m[34mSELECT  "posts".* FROM "posts" WHERE "posts"."id" = ? LIMIT ?[0m  [["id", 4], ["LIMIT", 1]]
  Rendering posts/show.html.erb within layouts/application
  [1m[36mComment Load (0.5ms)[0m  [1m[34mSELECT "comments".* FROM "comments" WHERE "comments"."post_id" = ?[0m  [["post_id", 4]]
  Rendered posts/show.html.erb within layouts/application (16.4ms)
Completed 200 OK in 79ms (Views: 52.1ms | ActiveRecord: 2.7ms)


Started POST "/posts/4/comments" for ::1 at 2020-04-18 23:17:13 +0530
Processing by CommentsController#create as HTML
  Parameters: {"utf8"=>"✓", "authenticity_token"=>"rH4X2ut+AOjBHdQTRr+WU5VOwChOP/lPxf4RhEoYh/oTIISyk9HddSdwitxWz3rytcZ7GGkUvcC42rdNSbAMXQ==", "comment"=>{"username"=>"dddq", "body"=>"qws f g jg hj "}, "commit"=>"Create Comment", "post_id"=>"4"}
  [1m[36mPost Load (0.5ms)[0m  [1m[34mSELECT  "posts".* FROM "posts" WHERE "posts"."id" = ? LIMIT ?[0m  [["id", nil], ["LIMIT", 1]]
Completed 404 Not Found in 4ms (ActiveRecord: 0.5ms)


  
ActiveRecord::RecordNotFound (Couldn't find Post with 'id'=):
  
app/controllers/comments_controller.rb:3:in `create'
Started GET "/posts/" for ::1 at 2020-04-18 23:17:38 +0530
Processing by PostsController#index as HTML
  Rendering posts/index.html.erb within layouts/application
  [1m[36mPost Load (0.3ms)[0m  [1m[34mSELECT "posts".* FROM "posts"[0m
  Rendered posts/index.html.erb within layouts/application (1.9ms)
Completed 200 OK in 41ms (Views: 31.8ms | ActiveRecord: 0.3ms)


Started GET "/posts/4" for ::1 at 2020-04-18 23:17:40 +0530
Processing by PostsController#show as HTML
  Parameters: {"id"=>"4"}
  [1m[36mPost Load (0.4ms)[0m  [1m[34mSELECT  "posts".* FROM "posts" WHERE "posts"."id" = ? LIMIT ?[0m  [["id", 4], ["LIMIT", 1]]
  Rendering posts/show.html.erb within layouts/application
  [1m[36mComment Load (0.2ms)[0m  [1m[34mSELECT "comments".* FROM "comments" WHERE "comments"."post_id" = ?[0m  [["post_id", 4]]
  Rendered posts/show.html.erb within layouts/application (7.0ms)
Completed 200 OK in 61ms (Views: 47.1ms | ActiveRecord: 0.6ms)


Started DELETE "/posts/4" for ::1 at 2020-04-18 23:17:42 +0530
Processing by PostsController#destroy as HTML
  Parameters: {"authenticity_token"=>"moIzMr+K+NFBjmNaXEosCfBeI3DVBGa08G/GKwXp4mQl3KBaxyUlTKfjPZVMOsCo0NaYQPIvIjuNS2DiBkFpww==", "id"=>"4"}
  [1m[36mPost Load (0.3ms)[0m  [1m[34mSELECT  "posts".* FROM "posts" WHERE "posts"."id" = ? LIMIT ?[0m  [["id", 4], ["LIMIT", 1]]
  [1m[35m (0.3ms)[0m  [1m[36mbegin transaction[0m
  [1m[35mSQL (1.2ms)[0m  [1m[31mDELETE FROM "posts" WHERE "posts"."id" = ?[0m  [["id", 4]]
  [1m[35m (1.6ms)[0m  [1m[36mcommit transaction[0m
Redirected to http://localhost:3000/posts
Completed 302 Found in 11ms (ActiveRecord: 3.3ms)


Started GET "/posts" for ::1 at 2020-04-18 23:17:43 +0530
Processing by PostsController#index as HTML
  Rendering posts/index.html.erb within layouts/application
  [1m[36mPost Load (0.2ms)[0m  [1m[34mSELECT "posts".* FROM "posts"[0m
  Rendered posts/index.html.erb within layouts/application (1.2ms)
Completed 200 OK in 35ms (Views: 31.5ms | ActiveRecord: 0.2ms)


Started GET "/posts/new" for ::1 at 2020-04-18 23:17:47 +0530
Processing by PostsController#new as HTML
  Rendering posts/new.html.erb within layouts/application
  Rendered posts/new.html.erb within layouts/application (5.4ms)
Completed 200 OK in 77ms (Views: 64.0ms | ActiveRecord: 0.0ms)


Started POST "/posts" for ::1 at 2020-04-18 23:17:55 +0530
Processing by PostsController#create as HTML
  Parameters: {"utf8"=>"✓", "authenticity_token"=>"Adn5OFp+r56dKmQExsZ0Tv8roxlkLYx0ZXhr8tRW0lpRvqe1ikTxeFCnr06oaNYuHJ4Sh294GkWGROKcPpHhWg==", "post"=>{"title"=>"heyjh mnb", "body"=>"jhg kgj g"}, "commit"=>"Save Post"}
  [1m[35m (0.1ms)[0m  [1m[36mbegin transaction[0m
  [1m[35mSQL (0.9ms)[0m  [1m[32mINSERT INTO "posts" ("title", "body", "created_at", "updated_at") VALUES (?, ?, ?, ?)[0m  [["title", "heyjh mnb"], ["body", "jhg kgj g"], ["created_at", "2020-04-18 17:47:55.617586"], ["updated_at", "2020-04-18 17:47:55.617586"]]
  [1m[35m (2.7ms)[0m  [1m[36mcommit transaction[0m
Redirected to http://localhost:3000/posts/5
Completed 302 Found in 13ms (ActiveRecord: 3.7ms)


Started GET "/posts/5" for ::1 at 2020-04-18 23:17:55 +0530
Processing by PostsController#show as HTML
  Parameters: {"id"=>"5"}
  [1m[36mPost Load (0.2ms)[0m  [1m[34mSELECT  "posts".* FROM "posts" WHERE "posts"."id" = ? LIMIT ?[0m  [["id", 5], ["LIMIT", 1]]
  Rendering posts/show.html.erb within layouts/application
  [1m[36mComment Load (0.1ms)[0m  [1m[34mSELECT "comments".* FROM "comments" WHERE "comments"."post_id" = ?[0m  [["post_id", 5]]
  Rendered posts/show.html.erb within layouts/application (4.3ms)
Completed 200 OK in 42ms (Views: 36.3ms | ActiveRecord: 0.3ms)


Started POST "/posts/5/comments" for ::1 at 2020-04-18 23:18:00 +0530
Processing by CommentsController#create as HTML
  Parameters: {"utf8"=>"✓", "authenticity_token"=>"rW9YxaUwiyUa6xmi3b65nUBoPQWYzL2SnwGhxIhOZ5gSMcut3Z9WuPyGR23NzlU8YOCGNb/n+R3iJQcNi+bsPw==", "comment"=>{"username"=>"khg hg jg", "body"=>"hj kjh j"}, "commit"=>"Create Comment", "post_id"=>"5"}
  [1m[36mPost Load (0.5ms)[0m  [1m[34mSELECT  "posts".* FROM "posts" WHERE "posts"."id" = ? LIMIT ?[0m  [["id", nil], ["LIMIT", 1]]
Completed 404 Not Found in 7ms (ActiveRecord: 0.5ms)


  
ActiveRecord::RecordNotFound (Couldn't find Post with 'id'=):
  
app/controllers/comments_controller.rb:3:in `create'
Started POST "/posts/5/comments" for ::1 at 2020-04-18 23:20:01 +0530
  
SyntaxError (/Users/suhaib.ahmed/Desktop/learning/simpleblog/app/controllers/comments_controller.rb:17: syntax error, unexpected keyword_end, expecting end-of-input):
  
app/controllers/comments_controller.rb:17: syntax error, unexpected keyword_end, expecting end-of-input
Started POST "/posts/5/comments" for ::1 at 2020-04-18 23:20:16 +0530
Processing by CommentsController#create as HTML
  Parameters: {"utf8"=>"✓", "authenticity_token"=>"rW9YxaUwiyUa6xmi3b65nUBoPQWYzL2SnwGhxIhOZ5gSMcut3Z9WuPyGR23NzlU8YOCGNb/n+R3iJQcNi+bsPw==", "comment"=>{"username"=>"khg hg jg", "body"=>"hj kjh j"}, "commit"=>"Create Comment", "post_id"=>"5"}
  [1m[36mPost Load (0.1ms)[0m  [1m[34mSELECT  "posts".* FROM "posts" WHERE "posts"."id" = ? LIMIT ?[0m  [["id", nil], ["LIMIT", 1]]
Completed 404 Not Found in 8ms (ActiveRecord: 1.0ms)


  
ActiveRecord::RecordNotFound (Couldn't find Post with 'id'=):
  
app/controllers/comments_controller.rb:3:in `create'
Started POST "/posts/5/comments" for ::1 at 2020-04-18 23:21:31 +0530
Processing by CommentsController#create as HTML
  Parameters: {"utf8"=>"✓", "authenticity_token"=>"rW9YxaUwiyUa6xmi3b65nUBoPQWYzL2SnwGhxIhOZ5gSMcut3Z9WuPyGR23NzlU8YOCGNb/n+R3iJQcNi+bsPw==", "comment"=>{"username"=>"khg hg jg", "body"=>"hj kjh j"}, "commit"=>"Create Comment", "post_id"=>"5"}
  [1m[36mPost Load (0.2ms)[0m  [1m[34mSELECT  "posts".* FROM "posts" WHERE "posts"."id" = ? LIMIT ?[0m  [["id", 5], ["LIMIT", 1]]
  [1m[35m (0.1ms)[0m  [1m[36mbegin transaction[0m
  [1m[35mSQL (0.6ms)[0m  [1m[32mINSERT INTO "comments" ("username", "body", "post_id", "created_at", "updated_at") VALUES (?, ?, ?, ?, ?)[0m  [["username", "khg hg jg"], ["body", "hj kjh j"], ["post_id", 5], ["created_at", "2020-04-18 17:51:31.760715"], ["updated_at", "2020-04-18 17:51:31.760715"]]
  [1m[35m (1.4ms)[0m  [1m[36mcommit transaction[0m
Redirected to http://localhost:3000/posts/5
Completed 302 Found in 25ms (ActiveRecord: 3.5ms)


Started GET "/posts/5" for ::1 at 2020-04-18 23:21:31 +0530
Processing by PostsController#show as HTML
  Parameters: {"id"=>"5"}
  [1m[36mPost Load (0.3ms)[0m  [1m[34mSELECT  "posts".* FROM "posts" WHERE "posts"."id" = ? LIMIT ?[0m  [["id", 5], ["LIMIT", 1]]
  Rendering posts/show.html.erb within layouts/application
  [1m[36mComment Load (0.2ms)[0m  [1m[34mSELECT "comments".* FROM "comments" WHERE "comments"."post_id" = ?[0m  [["post_id", 5]]
  Rendered posts/show.html.erb within layouts/application (4.8ms)
Completed 200 OK in 34ms (Views: 29.0ms | ActiveRecord: 0.5ms)


Started GET "/posts/5" for ::1 at 2020-04-18 23:23:45 +0530
Processing by PostsController#show as HTML
  Parameters: {"id"=>"5"}
  [1m[36mPost Load (0.6ms)[0m  [1m[34mSELECT  "posts".* FROM "posts" WHERE "posts"."id" = ? LIMIT ?[0m  [["id", 5], ["LIMIT", 1]]
  Rendering posts/show.html.erb within layouts/application
  [1m[36mComment Load (0.6ms)[0m  [1m[34mSELECT "comments".* FROM "comments" WHERE "comments"."post_id" = ?[0m  [["post_id", 5]]
  Rendered posts/show.html.erb within layouts/application (6.1ms)
Completed 200 OK in 109ms (Views: 94.7ms | ActiveRecord: 1.2ms)


Started GET "/posts/5" for ::1 at 2020-04-18 23:26:44 +0530
Processing by PostsController#show as HTML
  Parameters: {"id"=>"5"}
  [1m[36mPost Load (0.2ms)[0m  [1m[34mSELECT  "posts".* FROM "posts" WHERE "posts"."id" = ? LIMIT ?[0m  [["id", 5], ["LIMIT", 1]]
  Rendering posts/show.html.erb within layouts/application
  Rendered posts/show.html.erb within layouts/application (9.9ms)
Completed 500 Internal Server Error in 41ms (ActiveRecord: 0.2ms)


  
ActionView::Template::Error (Missing partial comments/_comment with {:locale=>[:en], :formats=>[:html], :variants=>[], :handlers=>[:raw, :erb, :html, :builder, :ruby, :coffee, :jbuilder]}. Searched in:
  * "/Users/suhaib.ahmed/Desktop/learning/simpleblog/app/views"
):
     7: 
     8: 
     9: 
    10: <%= render 'comments/comment' %>
  
app/views/posts/show.html.erb:10:in `_app_views_posts_show_html_erb__1609108600573387788_70217580567620'
Started GET "/posts/5" for ::1 at 2020-04-18 23:27:24 +0530
Processing by PostsController#show as HTML
  Parameters: {"id"=>"5"}
  [1m[36mPost Load (0.9ms)[0m  [1m[34mSELECT  "posts".* FROM "posts" WHERE "posts"."id" = ? LIMIT ?[0m  [["id", 5], ["LIMIT", 1]]
  Rendering posts/show.html.erb within layouts/application
  [1m[36mComment Load (0.2ms)[0m  [1m[34mSELECT "comments".* FROM "comments" WHERE "comments"."post_id" = ?[0m  [["post_id", 5]]
  Rendered comments/_comments.html.erb (2.4ms)
  Rendered posts/show.html.erb within layouts/application (9.7ms)
Completed 200 OK in 69ms (Views: 51.1ms | ActiveRecord: 1.1ms)


Started GET "/posts/5" for ::1 at 2020-04-18 23:27:35 +0530
Processing by PostsController#show as HTML
  Parameters: {"id"=>"5"}
  [1m[36mPost Load (0.1ms)[0m  [1m[34mSELECT  "posts".* FROM "posts" WHERE "posts"."id" = ? LIMIT ?[0m  [["id", 5], ["LIMIT", 1]]
  Rendering posts/show.html.erb within layouts/application
  [1m[36mComment Load (0.2ms)[0m  [1m[34mSELECT "comments".* FROM "comments" WHERE "comments"."post_id" = ?[0m  [["post_id", 5]]
  Rendered comments/_comments.html.erb (1.8ms)
  Rendered comments/_form.html.erb (2.9ms)
  Rendered posts/show.html.erb within layouts/application (11.0ms)
Completed 200 OK in 43ms (Views: 39.5ms | ActiveRecord: 0.3ms)


Started GET "/posts/5" for ::1 at 2020-04-18 23:29:39 +0530
Processing by PostsController#show as HTML
  Parameters: {"id"=>"5"}
  [1m[36mPost Load (0.2ms)[0m  [1m[34mSELECT  "posts".* FROM "posts" WHERE "posts"."id" = ? LIMIT ?[0m  [["id", 5], ["LIMIT", 1]]
  Rendering posts/show.html.erb within layouts/application
  Rendered comments/_comments.html.erb (0.8ms)
  Rendered posts/show.html.erb within layouts/application (5.8ms)
Completed 500 Internal Server Error in 23ms (ActiveRecord: 0.2ms)


  
SyntaxError (/Users/suhaib.ahmed/Desktop/learning/simpleblog/app/views/comments/_comments.html.erb:6: syntax error, unexpected ':', expecting =>
...mment], method: :delete, data : { confirm: 'Are you sure ?'}...
...                               ^):
  
app/views/comments/_comments.html.erb:6: syntax error, unexpected ':', expecting =>
app/views/posts/show.html.erb:10:in `_app_views_posts_show_html_erb__1609108600573387788_70217569907240'
Started GET "/" for ::1 at 2020-04-18 23:30:39 +0530
Processing by PostsController#index as HTML
  Rendering posts/index.html.erb within layouts/application
  [1m[36mPost Load (0.2ms)[0m  [1m[34mSELECT "posts".* FROM "posts"[0m
  Rendered posts/index.html.erb within layouts/application (1.8ms)
Completed 200 OK in 42ms (Views: 38.9ms | ActiveRecord: 0.2ms)


Started GET "/posts/5" for ::1 at 2020-04-18 23:30:42 +0530
Processing by PostsController#show as HTML
  Parameters: {"id"=>"5"}
  [1m[36mPost Load (1.5ms)[0m  [1m[34mSELECT  "posts".* FROM "posts" WHERE "posts"."id" = ? LIMIT ?[0m  [["id", 5], ["LIMIT", 1]]
  Rendering posts/show.html.erb within layouts/application
  Rendered comments/_comments.html.erb (0.7ms)
  Rendered posts/show.html.erb within layouts/application (4.1ms)
Completed 500 Internal Server Error in 24ms (ActiveRecord: 1.5ms)


  
SyntaxError (/Users/suhaib.ahmed/Desktop/learning/simpleblog/app/views/comments/_comments.html.erb:6: syntax error, unexpected ':', expecting =>
...mment], method: :delete, data : { confirm: 'Are you sure ?'}...
...                               ^):
  
app/views/comments/_comments.html.erb:6: syntax error, unexpected ':', expecting =>
app/views/posts/show.html.erb:10:in `_app_views_posts_show_html_erb__1609108600573387788_70217542584480'
Started GET "/posts/5" for ::1 at 2020-04-18 23:31:08 +0530
Processing by PostsController#show as HTML
  Parameters: {"id"=>"5"}
  [1m[36mPost Load (0.2ms)[0m  [1m[34mSELECT  "posts".* FROM "posts" WHERE "posts"."id" = ? LIMIT ?[0m  [["id", 5], ["LIMIT", 1]]
  Rendering posts/show.html.erb within layouts/application
  [1m[36mComment Load (0.2ms)[0m  [1m[34mSELECT "comments".* FROM "comments" WHERE "comments"."post_id" = ?[0m  [["post_id", 5]]
  Rendered comments/_comments.html.erb (3.4ms)
  Rendered comments/_form.html.erb (3.1ms)
  Rendered posts/show.html.erb within layouts/application (13.4ms)
Completed 200 OK in 54ms (Views: 43.7ms | ActiveRecord: 0.4ms)


Started DELETE "/posts/5/comments/1" for ::1 at 2020-04-18 23:31:15 +0530
  
AbstractController::ActionNotFound (The action 'destroy' could not be found for CommentsController):
  
actionpack (5.1.7) lib/abstract_controller/base.rb:119:in `process'
actionview (5.1.7) lib/action_view/rendering.rb:30:in `process'
actionpack (5.1.7) lib/action_controller/metal.rb:189:in `dispatch'
actionpack (5.1.7) lib/action_controller/metal.rb:253:in `dispatch'
actionpack (5.1.7) lib/action_dispatch/routing/route_set.rb:49:in `dispatch'
actionpack (5.1.7) lib/action_dispatch/routing/route_set.rb:31:in `serve'
actionpack (5.1.7) lib/action_dispatch/journey/router.rb:50:in `block in serve'
actionpack (5.1.7) lib/action_dispatch/journey/router.rb:33:in `each'
actionpack (5.1.7) lib/action_dispatch/journey/router.rb:33:in `serve'
actionpack (5.1.7) lib/action_dispatch/routing/route_set.rb:844:in `call'
rack (2.2.2) lib/rack/etag.rb:27:in `call'
rack (2.2.2) lib/rack/conditional_get.rb:40:in `call'
rack (2.2.2) lib/rack/head.rb:12:in `call'
rack (2.2.2) lib/rack/session/abstract/id.rb:266:in `context'
rack (2.2.2) lib/rack/session/abstract/id.rb:260:in `call'
actionpack (5.1.7) lib/action_dispatch/middleware/cookies.rb:613:in `call'
activerecord (5.1.7) lib/active_record/migration.rb:556:in `call'
actionpack (5.1.7) lib/action_dispatch/middleware/callbacks.rb:26:in `block in call'
activesupport (5.1.7) lib/active_support/callbacks.rb:97:in `run_callbacks'
actionpack (5.1.7) lib/action_dispatch/middleware/callbacks.rb:24:in `call'
actionpack (5.1.7) lib/action_dispatch/middleware/executor.rb:12:in `call'
actionpack (5.1.7) lib/action_dispatch/middleware/debug_exceptions.rb:59:in `call'
web-console (3.7.0) lib/web_console/middleware.rb:135:in `call_app'
web-console (3.7.0) lib/web_console/middleware.rb:30:in `block in call'
web-console (3.7.0) lib/web_console/middleware.rb:20:in `catch'
web-console (3.7.0) lib/web_console/middleware.rb:20:in `call'
actionpack (5.1.7) lib/action_dispatch/middleware/show_exceptions.rb:31:in `call'
railties (5.1.7) lib/rails/rack/logger.rb:36:in `call_app'
railties (5.1.7) lib/rails/rack/logger.rb:24:in `block in call'
activesupport (5.1.7) lib/active_support/tagged_logging.rb:69:in `block in tagged'
activesupport (5.1.7) lib/active_support/tagged_logging.rb:26:in `tagged'
activesupport (5.1.7) lib/active_support/tagged_logging.rb:69:in `tagged'
railties (5.1.7) lib/rails/rack/logger.rb:24:in `call'
sprockets-rails (3.2.1) lib/sprockets/rails/quiet_assets.rb:13:in `call'
actionpack (5.1.7) lib/action_dispatch/middleware/remote_ip.rb:79:in `call'
actionpack (5.1.7) lib/action_dispatch/middleware/request_id.rb:25:in `call'
rack (2.2.2) lib/rack/method_override.rb:24:in `call'
rack (2.2.2) lib/rack/runtime.rb:22:in `call'
activesupport (5.1.7) lib/active_support/cache/strategy/local_cache_middleware.rb:27:in `call'
actionpack (5.1.7) lib/action_dispatch/middleware/executor.rb:12:in `call'
actionpack (5.1.7) lib/action_dispatch/middleware/static.rb:125:in `call'
rack (2.2.2) lib/rack/sendfile.rb:110:in `call'
railties (5.1.7) lib/rails/engine.rb:522:in `call'
puma (3.12.4) lib/puma/configuration.rb:227:in `call'
puma (3.12.4) lib/puma/server.rb:675:in `handle_request'
puma (3.12.4) lib/puma/server.rb:476:in `process_client'
puma (3.12.4) lib/puma/server.rb:334:in `block in run'
puma (3.12.4) lib/puma/thread_pool.rb:135:in `block in spawn_thread'
Started DELETE "/posts/5/comments/1" for ::1 at 2020-04-18 23:33:07 +0530
Processing by CommentsController#destroy as HTML
  Parameters: {"authenticity_token"=>"/ar/P1bd880dpt7Kr0V2AZsyktOVR7QHbtX8nZUFH2NC9GxXLnIuUPvLgAW/NZqgu7op47Js8IgT8VpUlq2UxA==", "post_id"=>"5", "id"=>"1"}
  [1m[36mPost Load (0.2ms)[0m  [1m[34mSELECT  "posts".* FROM "posts" WHERE "posts"."id" = ? LIMIT ?[0m  [["id", 5], ["LIMIT", 1]]
  [1m[36mComment Load (0.2ms)[0m  [1m[34mSELECT  "comments".* FROM "comments" WHERE "comments"."post_id" = ? AND "comments"."id" = ? LIMIT ?[0m  [["post_id", 5], ["id", 1], ["LIMIT", 1]]
  [1m[35m (0.1ms)[0m  [1m[36mbegin transaction[0m
  [1m[35mSQL (0.4ms)[0m  [1m[31mDELETE FROM "comments" WHERE "comments"."id" = ?[0m  [["id", 1]]
  [1m[35m (0.8ms)[0m  [1m[36mcommit transaction[0m
Completed 500 Internal Server Error in 106ms (ActiveRecord: 3.7ms)


  
NoMethodError (undefined method `post_parh' for #<CommentsController:0x00007fb99b1fc0c8>
Did you mean?  post_path
               posts_path
               post_url):
  
app/controllers/comments_controller.rb:17:in `destroy'
Started DELETE "/posts/5/comments/1" for ::1 at 2020-04-18 23:33:20 +0530
Processing by CommentsController#destroy as HTML
  Parameters: {"authenticity_token"=>"/ar/P1bd880dpt7Kr0V2AZsyktOVR7QHbtX8nZUFH2NC9GxXLnIuUPvLgAW/NZqgu7op47Js8IgT8VpUlq2UxA==", "post_id"=>"5", "id"=>"1"}
  [1m[36mPost Load (0.3ms)[0m  [1m[34mSELECT  "posts".* FROM "posts" WHERE "posts"."id" = ? LIMIT ?[0m  [["id", 5], ["LIMIT", 1]]
  [1m[36mComment Load (0.1ms)[0m  [1m[34mSELECT  "comments".* FROM "comments" WHERE "comments"."post_id" = ? AND "comments"."id" = ? LIMIT ?[0m  [["post_id", 5], ["id", 1], ["LIMIT", 1]]
Completed 404 Not Found in 23ms (ActiveRecord: 2.1ms)


  
ActiveRecord::RecordNotFound (Couldn't find Comment with 'id'=1 [WHERE "comments"."post_id" = ?]):
  
app/controllers/comments_controller.rb:15:in `destroy'
Started GET "/posts/" for ::1 at 2020-04-18 23:35:08 +0530
Processing by PostsController#index as HTML
  Rendering posts/index.html.erb within layouts/application
  [1m[36mPost Load (0.2ms)[0m  [1m[34mSELECT "posts".* FROM "posts"[0m
  Rendered posts/index.html.erb within layouts/application (8.6ms)
Completed 200 OK in 40ms (Views: 33.6ms | ActiveRecord: 1.0ms)


Started GET "/posts/5" for ::1 at 2020-04-18 23:35:10 +0530
Processing by PostsController#show as HTML
  Parameters: {"id"=>"5"}
  [1m[36mPost Load (0.5ms)[0m  [1m[34mSELECT  "posts".* FROM "posts" WHERE "posts"."id" = ? LIMIT ?[0m  [["id", 5], ["LIMIT", 1]]
  Rendering posts/show.html.erb within layouts/application
  [1m[36mComment Load (0.2ms)[0m  [1m[34mSELECT "comments".* FROM "comments" WHERE "comments"."post_id" = ?[0m  [["post_id", 5]]
  Rendered comments/_comments.html.erb (6.3ms)
  Rendered comments/_form.html.erb (10.3ms)
  Rendered posts/show.html.erb within layouts/application (22.7ms)
Completed 200 OK in 56ms (Views: 49.0ms | ActiveRecord: 1.3ms)


Started POST "/posts/5/comments" for ::1 at 2020-04-18 23:35:16 +0530
Processing by CommentsController#create as HTML
  Parameters: {"utf8"=>"✓", "authenticity_token"=>"FYz11h4ROLW3MUFj0Yuz08HK5ySnkCWgxr+iNtCnUqsyHlnYLfduU8+5fiDAjPQNqwE+yJp0JtrxdzZXeqi4hg==", "comment"=>{"username"=>"asdfasdf ", "body"=>"sadfsd"}, "commit"=>"Create Comment", "post_id"=>"5"}
  [1m[36mPost Load (0.2ms)[0m  [1m[34mSELECT  "posts".* FROM "posts" WHERE "posts"."id" = ? LIMIT ?[0m  [["id", 5], ["LIMIT", 1]]
  [1m[35m (0.1ms)[0m  [1m[36mbegin transaction[0m
  [1m[35mSQL (0.5ms)[0m  [1m[32mINSERT INTO "comments" ("username", "body", "post_id", "created_at", "updated_at") VALUES (?, ?, ?, ?, ?)[0m  [["username", "asdfasdf "], ["body", "sadfsd"], ["post_id", 5], ["created_at", "2020-04-18 18:05:16.685686"], ["updated_at", "2020-04-18 18:05:16.685686"]]
  [1m[35m (1.5ms)[0m  [1m[36mcommit transaction[0m
Redirected to http://localhost:3000/posts/5
Completed 302 Found in 8ms (ActiveRecord: 2.3ms)


Started GET "/posts/5" for ::1 at 2020-04-18 23:35:16 +0530
Processing by PostsController#show as HTML
  Parameters: {"id"=>"5"}
  [1m[36mPost Load (0.2ms)[0m  [1m[34mSELECT  "posts".* FROM "posts" WHERE "posts"."id" = ? LIMIT ?[0m  [["id", 5], ["LIMIT", 1]]
  Rendering posts/show.html.erb within layouts/application
  [1m[36mComment Load (0.1ms)[0m  [1m[34mSELECT "comments".* FROM "comments" WHERE "comments"."post_id" = ?[0m  [["post_id", 5]]
  Rendered comments/_comments.html.erb (1.6ms)
  Rendered comments/_form.html.erb (3.6ms)
  Rendered posts/show.html.erb within layouts/application (11.0ms)
Completed 200 OK in 49ms (Views: 44.5ms | ActiveRecord: 0.3ms)


Started DELETE "/posts/5/comments/2" for ::1 at 2020-04-18 23:35:20 +0530
Processing by CommentsController#destroy as HTML
  Parameters: {"authenticity_token"=>"v08CO/b+a40NJvBMTVnd/nQCarpfcHH4hcZr0pf+3FkAEZFTjlG2EOtLroNdKTFfVIrRinhbNXf44s0blFZX/g==", "post_id"=>"5", "id"=>"2"}
  [1m[36mPost Load (0.2ms)[0m  [1m[34mSELECT  "posts".* FROM "posts" WHERE "posts"."id" = ? LIMIT ?[0m  [["id", 5], ["LIMIT", 1]]
  [1m[36mComment Load (0.4ms)[0m  [1m[34mSELECT  "comments".* FROM "comments" WHERE "comments"."post_id" = ? AND "comments"."id" = ? LIMIT ?[0m  [["post_id", 5], ["id", 2], ["LIMIT", 1]]
  [1m[35m (0.1ms)[0m  [1m[36mbegin transaction[0m
  [1m[35mSQL (0.4ms)[0m  [1m[31mDELETE FROM "comments" WHERE "comments"."id" = ?[0m  [["id", 2]]
  [1m[35m (1.5ms)[0m  [1m[36mcommit transaction[0m
Redirected to http://localhost:3000/posts/5
Completed 302 Found in 7ms (ActiveRecord: 2.5ms)


Started GET "/posts/5" for ::1 at 2020-04-18 23:35:20 +0530
Processing by PostsController#show as HTML
  Parameters: {"id"=>"5"}
  [1m[36mPost Load (0.3ms)[0m  [1m[34mSELECT  "posts".* FROM "posts" WHERE "posts"."id" = ? LIMIT ?[0m  [["id", 5], ["LIMIT", 1]]
  Rendering posts/show.html.erb within layouts/application
  [1m[36mComment Load (0.2ms)[0m  [1m[34mSELECT "comments".* FROM "comments" WHERE "comments"."post_id" = ?[0m  [["post_id", 5]]
  Rendered comments/_comments.html.erb (1.6ms)
  Rendered comments/_form.html.erb (3.4ms)
  Rendered posts/show.html.erb within layouts/application (10.7ms)
Completed 200 OK in 54ms (Views: 49.6ms | ActiveRecord: 0.4ms)


Started GET "/" for ::1 at 2020-04-18 23:36:25 +0530
Processing by PostsController#index as HTML
  Rendering posts/index.html.erb within layouts/application
  [1m[36mPost Load (0.1ms)[0m  [1m[34mSELECT "posts".* FROM "posts"[0m
  Rendered posts/index.html.erb within layouts/application (8.4ms)
Completed 200 OK in 58ms (Views: 46.3ms | ActiveRecord: 0.9ms)


Started GET "/posts/5" for ::1 at 2020-04-18 23:36:59 +0530
Processing by PostsController#show as HTML
  Parameters: {"id"=>"5"}
  [1m[36mPost Load (0.1ms)[0m  [1m[34mSELECT  "posts".* FROM "posts" WHERE "posts"."id" = ? LIMIT ?[0m  [["id", 5], ["LIMIT", 1]]
  Rendering posts/show.html.erb within layouts/application
  [1m[36mComment Load (0.2ms)[0m  [1m[34mSELECT "comments".* FROM "comments" WHERE "comments"."post_id" = ?[0m  [["post_id", 5]]
  Rendered comments/_comments.html.erb (7.8ms)
  Rendered comments/_form.html.erb (13.4ms)
  Rendered posts/show.html.erb within layouts/application (27.3ms)
Completed 200 OK in 82ms (Views: 62.9ms | ActiveRecord: 2.9ms)


Started GET "/" for ::1 at 2020-04-18 23:37:06 +0530
Processing by PostsController#index as HTML
  Rendering posts/index.html.erb within layouts/application
  [1m[36mPost Load (0.2ms)[0m  [1m[34mSELECT "posts".* FROM "posts"[0m
  Rendered posts/index.html.erb within layouts/application (1.6ms)
Completed 200 OK in 46ms (Views: 40.7ms | ActiveRecord: 0.2ms)


Started GET "/posts/new" for ::1 at 2020-04-18 23:37:14 +0530
Processing by PostsController#new as HTML
Filter chain halted as #<Proc:0x00007fb996e800d8@/Users/suhaib.ahmed/.rvm/gems/ruby-2.3.5/gems/actionpack-5.1.7/lib/action_controller/metal/http_authentication.rb:70> rendered or redirected
Completed 401 Unauthorized in 1ms (ActiveRecord: 0.0ms)


Started GET "/posts/new" for ::1 at 2020-04-18 23:37:17 +0530
Processing by PostsController#new as HTML
  Rendering posts/new.html.erb within layouts/application
  Rendered posts/new.html.erb within layouts/application (2.3ms)
Completed 200 OK in 39ms (Views: 32.9ms | ActiveRecord: 0.0ms)


Started POST "/posts" for ::1 at 2020-04-18 23:37:21 +0530
Processing by PostsController#create as HTML
  Parameters: {"utf8"=>"✓", "authenticity_token"=>"32Uc4Gy0st5sAuYRa/52QcL5bTe9sk9O+QaOJu+nzFaPAkJtvI7sOKGPLVsFUNQhIUzcqbbn2X8aOgdIBWD/Vg==", "post"=>{"title"=>"asdf", "body"=>"asdfsadf"}, "commit"=>"Save Post"}
Filter chain halted as #<Proc:0x00007fb996e800d8@/Users/suhaib.ahmed/.rvm/gems/ruby-2.3.5/gems/actionpack-5.1.7/lib/action_controller/metal/http_authentication.rb:70> rendered or redirected
Completed 401 Unauthorized in 2ms (ActiveRecord: 0.0ms)


Started POST "/posts" for ::1 at 2020-04-18 23:37:21 +0530
Processing by PostsController#create as HTML
  Parameters: {"utf8"=>"✓", "authenticity_token"=>"32Uc4Gy0st5sAuYRa/52QcL5bTe9sk9O+QaOJu+nzFaPAkJtvI7sOKGPLVsFUNQhIUzcqbbn2X8aOgdIBWD/Vg==", "post"=>{"title"=>"asdf", "body"=>"asdfsadf"}, "commit"=>"Save Post"}
  [1m[35m (0.1ms)[0m  [1m[36mbegin transaction[0m
  [1m[35m (0.1ms)[0m  [1m[31mrollback transaction[0m
  Rendering posts/new.html.erb within layouts/application
  Rendered posts/new.html.erb within layouts/application (4.4ms)
Completed 200 OK in 50ms (Views: 44.7ms | ActiveRecord: 0.1ms)


Started POST "/posts" for ::1 at 2020-04-18 23:37:25 +0530
Processing by PostsController#create as HTML
  Parameters: {"utf8"=>"✓", "authenticity_token"=>"DpYm/KpUNdph86eRMnTbtRb1eVa5l21UvuqJzX3HwCixyLWU0vvoR4ee+V4iBDcUNn3CZp68KdvDzi8Efm9Ljw==", "post"=>{"title"=>"asdfasdf", "body"=>"asdfsadf"}, "commit"=>"Save Post"}
  [1m[35m (0.1ms)[0m  [1m[36mbegin transaction[0m
  [1m[35mSQL (1.3ms)[0m  [1m[32mINSERT INTO "posts" ("title", "body", "created_at", "updated_at") VALUES (?, ?, ?, ?)[0m  [["title", "asdfasdf"], ["body", "asdfsadf"], ["created_at", "2020-04-18 18:07:25.497916"], ["updated_at", "2020-04-18 18:07:25.497916"]]
  [1m[35m (1.1ms)[0m  [1m[36mcommit transaction[0m
Redirected to http://localhost:3000/posts/6
Completed 302 Found in 7ms (ActiveRecord: 2.5ms)


Started GET "/posts/6" for ::1 at 2020-04-18 23:37:25 +0530
Processing by PostsController#show as HTML
  Parameters: {"id"=>"6"}
  [1m[36mPost Load (0.3ms)[0m  [1m[34mSELECT  "posts".* FROM "posts" WHERE "posts"."id" = ? LIMIT ?[0m  [["id", 6], ["LIMIT", 1]]
  Rendering posts/show.html.erb within layouts/application
  [1m[36mComment Load (0.2ms)[0m  [1m[34mSELECT "comments".* FROM "comments" WHERE "comments"."post_id" = ?[0m  [["post_id", 6]]
  Rendered comments/_comments.html.erb (2.3ms)
  Rendered comments/_form.html.erb (4.0ms)
  Rendered posts/show.html.erb within layouts/application (17.6ms)
Completed 200 OK in 95ms (Views: 85.8ms | ActiveRecord: 0.5ms)


Started GET "/" for ::1 at 2020-04-18 23:37:35 +0530
Processing by PostsController#index as HTML
  Rendering posts/index.html.erb within layouts/application
  [1m[36mPost Load (0.3ms)[0m  [1m[34mSELECT "posts".* FROM "posts"[0m
  Rendered posts/index.html.erb within layouts/application (2.5ms)
Completed 200 OK in 57ms (Views: 51.5ms | ActiveRecord: 0.3ms)


